{"level":"info","ts":1644238723.3096714,"logger":"setup","msg":"Operator Version: v0.13.0-dev"}
{"level":"info","ts":1644238723.3097155,"logger":"setup","msg":"Go Version: go1.16.12"}
{"level":"info","ts":1644238723.3097239,"logger":"setup","msg":"Go OS/Arch: linux/amd64"}
{"level":"info","ts":1644238723.30973,"logger":"setup","msg":"Commit: fddb8257756ef910ce855288616645305b015267"}
{"level":"info","ts":1644238723.3097363,"logger":"setup","msg":"BuildTime: 2022-02-01T15:33:02Z"}
I0207 12:58:44.361138       1 request.go:668] Waited for 1.03940421s due to client-side throttling, not priority and fairness, request: GET:https://172.30.0.1:443/apis/image.openshift.io/v1?timeout=32s
{"level":"info","ts":1644238725.728163,"logger":"controller-runtime.metrics","msg":"metrics server is starting to listen","addr":"127.0.0.1:8080"}
{"level":"info","ts":1644238728.1349254,"logger":"controller_devworkspace_config","msg":"Searching for config map 'devworkspace-controller-configmap' in namespace 'openshift-operators'"}
{"level":"info","ts":1644238728.2842634,"logger":"operator-configuration","msg":"Updated config to [(default config)]"}
{"level":"info","ts":1644238730.690936,"logger":"setup","msg":"setting up webhooks"}
{"level":"info","ts":1644238733.1015165,"logger":"webhook","msg":"Setting up the init webhooks configurations"}
{"level":"info","ts":1644238733.1206577,"logger":"webhook","msg":"Created webhooks configuration controller.devfile.io"}
{"level":"info","ts":1644238733.1206825,"logger":"webhook","msg":"Setting up the webhook server service account"}
{"level":"info","ts":1644238733.1345162,"logger":"webhook","msg":"Created webhook server service account"}
{"level":"info","ts":1644238733.1345336,"logger":"webhook","msg":"Setting up the webhook server cluster roles"}
{"level":"info","ts":1644238733.2399666,"logger":"webhook","msg":"Created webhook server cluster role"}
{"level":"info","ts":1644238733.2399929,"logger":"webhook","msg":"Setting up the webhook server cluster role binding"}
{"level":"info","ts":1644238733.3471236,"logger":"webhook","msg":"Created webhook server cluster role binding"}
{"level":"info","ts":1644238733.3471549,"logger":"webhook","msg":"Setting up the OpenShift webhook server secure service"}
{"level":"info","ts":1644238733.3471613,"logger":"webhook","msg":"Injecting serving cert using the Service CA operator"}
{"level":"info","ts":1644238733.3471677,"logger":"webhook-openshift","msg":"Attempting to create the secure service"}
{"level":"info","ts":1644238733.369889,"logger":"service","msg":"Created webhook server service"}
{"level":"info","ts":1644238733.3699076,"logger":"webhook","msg":"Creating the webhook server deployment"}
{"level":"info","ts":1644238733.3841932,"logger":"webhook","msg":"Created webhook server deployment"}
{"level":"info","ts":1644238733.3842223,"logger":"controller-runtime.builder","msg":"skip registering a mutating webhook, admission.Defaulter interface is not implemented","GVK":"workspace.devfile.io/v1alpha1, Kind=DevWorkspace"}
{"level":"info","ts":1644238733.3842425,"logger":"controller-runtime.builder","msg":"skip registering a validating webhook, admission.Validator interface is not implemented","GVK":"workspace.devfile.io/v1alpha1, Kind=DevWorkspace"}
{"level":"info","ts":1644238733.3846889,"logger":"controller-runtime.webhook","msg":"registering webhook","path":"/convert"}
{"level":"info","ts":1644238733.384833,"logger":"controller-runtime.builder","msg":"conversion webhook enabled","object":{"name":""}}
{"level":"info","ts":1644238733.384906,"logger":"controller-runtime.builder","msg":"skip registering a mutating webhook, admission.Defaulter interface is not implemented","GVK":"workspace.devfile.io/v1alpha2, Kind=DevWorkspace"}
{"level":"info","ts":1644238733.384975,"logger":"controller-runtime.builder","msg":"skip registering a validating webhook, admission.Validator interface is not implemented","GVK":"workspace.devfile.io/v1alpha2, Kind=DevWorkspace"}
{"level":"info","ts":1644238733.3850489,"logger":"controller-runtime.builder","msg":"conversion webhook enabled","object":{"name":""}}
{"level":"info","ts":1644238733.3850954,"logger":"setup","msg":"starting manager"}
I0207 12:58:53.386451       1 leaderelection.go:243] attempting to acquire leader lease openshift-operators/8d217f93.devfile.io...
{"level":"info","ts":1644238733.3869197,"logger":"controller-runtime.manager","msg":"starting metrics server","path":"/metrics"}
{"level":"info","ts":1644238733.3870583,"logger":"controller-runtime.webhook.webhooks","msg":"starting webhook server"}
{"level":"info","ts":1644238733.4036288,"logger":"controller-runtime.certwatcher","msg":"Updated current TLS certificate"}
{"level":"info","ts":1644238733.4038043,"logger":"controller-runtime.webhook","msg":"serving webhook server","host":"","port":9443}
{"level":"info","ts":1644238733.403887,"logger":"controller-runtime.certwatcher","msg":"Starting certificate watcher"}
I0207 12:58:53.432373       1 leaderelection.go:253] successfully acquired lease openshift-operators/8d217f93.devfile.io
{"level":"info","ts":1644238733.8994799,"logger":"controller-runtime.manager.controller.devworkspace","msg":"Starting EventSource","reconciler group":"workspace.devfile.io","reconciler kind":"DevWorkspace","source":"kind source: /, Kind="}
{"level":"info","ts":1644238733.8995626,"logger":"controller-runtime.manager.controller.devworkspace","msg":"Starting EventSource","reconciler group":"workspace.devfile.io","reconciler kind":"DevWorkspace","source":"kind source: /, Kind="}
{"level":"info","ts":1644238733.8995757,"logger":"controller-runtime.manager.controller.devworkspace","msg":"Starting EventSource","reconciler group":"workspace.devfile.io","reconciler kind":"DevWorkspace","source":"kind source: /, Kind="}
{"level":"info","ts":1644238733.8995857,"logger":"controller-runtime.manager.controller.devworkspace","msg":"Starting EventSource","reconciler group":"workspace.devfile.io","reconciler kind":"DevWorkspace","source":"kind source: /, Kind="}
{"level":"info","ts":1644238733.8995957,"logger":"controller-runtime.manager.controller.devworkspace","msg":"Starting EventSource","reconciler group":"workspace.devfile.io","reconciler kind":"DevWorkspace","source":"kind source: /, Kind="}
{"level":"info","ts":1644238733.8996053,"logger":"controller-runtime.manager.controller.devworkspace","msg":"Starting EventSource","reconciler group":"workspace.devfile.io","reconciler kind":"DevWorkspace","source":"kind source: /, Kind="}
{"level":"info","ts":1644238733.8996155,"logger":"controller-runtime.manager.controller.devworkspace","msg":"Starting EventSource","reconciler group":"workspace.devfile.io","reconciler kind":"DevWorkspace","source":"kind source: /, Kind="}
{"level":"info","ts":1644238733.8996258,"logger":"controller-runtime.manager.controller.devworkspace","msg":"Starting EventSource","reconciler group":"workspace.devfile.io","reconciler kind":"DevWorkspace","source":"kind source: /, Kind="}
{"level":"info","ts":1644238733.8996356,"logger":"controller-runtime.manager.controller.devworkspace","msg":"Starting EventSource","reconciler group":"workspace.devfile.io","reconciler kind":"DevWorkspace","source":"kind source: /, Kind="}
{"level":"info","ts":1644238733.899648,"logger":"controller-runtime.manager.controller.devworkspace","msg":"Starting EventSource","reconciler group":"workspace.devfile.io","reconciler kind":"DevWorkspace","source":"kind source: /, Kind="}
{"level":"info","ts":1644238733.8996577,"logger":"controller-runtime.manager.controller.devworkspace","msg":"Starting Controller","reconciler group":"workspace.devfile.io","reconciler kind":"DevWorkspace"}
{"level":"info","ts":1644238733.900013,"logger":"controller-runtime.manager.controller.devworkspacerouting","msg":"Starting EventSource","reconciler group":"controller.devfile.io","reconciler kind":"DevWorkspaceRouting","source":"kind source: /, Kind="}
{"level":"info","ts":1644238733.9000466,"logger":"controller-runtime.manager.controller.devworkspacerouting","msg":"Starting EventSource","reconciler group":"controller.devfile.io","reconciler kind":"DevWorkspaceRouting","source":"kind source: /, Kind="}
{"level":"info","ts":1644238733.900058,"logger":"controller-runtime.manager.controller.devworkspacerouting","msg":"Starting EventSource","reconciler group":"controller.devfile.io","reconciler kind":"DevWorkspaceRouting","source":"kind source: /, Kind="}
{"level":"info","ts":1644238733.900071,"logger":"controller-runtime.manager.controller.devworkspacerouting","msg":"Starting EventSource","reconciler group":"controller.devfile.io","reconciler kind":"DevWorkspaceRouting","source":"kind source: /, Kind="}
{"level":"info","ts":1644238733.900081,"logger":"controller-runtime.manager.controller.devworkspacerouting","msg":"Starting Controller","reconciler group":"controller.devfile.io","reconciler kind":"DevWorkspaceRouting"}
{"level":"info","ts":1644238734.406773,"logger":"controller-runtime.manager.controller.devworkspace","msg":"Starting workers","reconciler group":"workspace.devfile.io","reconciler kind":"DevWorkspace","worker count":5}
{"level":"info","ts":1644238734.4079347,"logger":"controller-runtime.manager.controller.devworkspacerouting","msg":"Starting workers","reconciler group":"controller.devfile.io","reconciler kind":"DevWorkspaceRouting","worker count":5}
{"level":"info","ts":1644239169.477577,"logger":"controllers.DevWorkspace","msg":"Reconciling Workspace","Request.Namespace":"che-kube-admin-che-b00ysx","Request.Name":"spring-petclinic","devworkspace_id":""}
{"level":"info","ts":1644239169.495203,"logger":"controllers.DevWorkspace","msg":"Reconciling Workspace","Request.Namespace":"che-kube-admin-che-b00ysx","Request.Name":"spring-petclinic","devworkspace_id":"workspaceda378b76935b4bf6"}
{"level":"info","ts":1644239169.5066507,"logger":"controllers.DevWorkspace","msg":"Reconciling Workspace","Request.Namespace":"che-kube-admin-che-b00ysx","Request.Name":"spring-petclinic","devworkspace_id":"workspaceda378b76935b4bf6"}
{"level":"error","ts":1644239169.5139809,"logger":"controller-runtime.manager.controller.devworkspace","msg":"Reconciler error","reconciler group":"workspace.devfile.io","reconciler kind":"DevWorkspace","name":"spring-petclinic","namespace":"che-kube-admin-che-b00ysx","error":"Operation cannot be fulfilled on devworkspaces.workspace.devfile.io \"spring-petclinic\": the object has been modified; please apply your changes to the latest version and try again","stacktrace":"sigs.k8s.io/controller-runtime/pkg/internal/controller.(*Controller).processNextWorkItem\n\t/go/pkg/mod/sigs.k8s.io/controller-runtime@v0.9.5/pkg/internal/controller/controller.go:253\nsigs.k8s.io/controller-runtime/pkg/internal/controller.(*Controller).Start.func2.2\n\t/go/pkg/mod/sigs.k8s.io/controller-runtime@v0.9.5/pkg/internal/controller/controller.go:214"}
{"level":"info","ts":1644239169.514069,"logger":"controllers.DevWorkspace","msg":"Reconciling Workspace","Request.Namespace":"che-kube-admin-che-b00ysx","Request.Name":"spring-petclinic","devworkspace_id":"workspaceda378b76935b4bf6"}
{"level":"info","ts":1644239169.8337002,"logger":"controllers.DevWorkspace","msg":"Created object","Request.Namespace":"che-kube-admin-che-b00ysx","Request.Name":"spring-petclinic","kind":"v1.Role","name":"workspace"}
{"level":"info","ts":1644239170.0537288,"logger":"controllers.DevWorkspace","msg":"Created object","Request.Namespace":"che-kube-admin-che-b00ysx","Request.Name":"spring-petclinic","kind":"v1.RoleBinding","name":"devworkspacedw"}
{"level":"info","ts":1644239170.0617652,"logger":"controllers.DevWorkspace","msg":"Error updating workspace status: Operation cannot be fulfilled on devworkspaces.workspace.devfile.io \"spring-petclinic\": the object has been modified; please apply your changes to the latest version and try again","Request.Namespace":"che-kube-admin-che-b00ysx","Request.Name":"spring-petclinic","devworkspace_id":"workspaceda378b76935b4bf6"}
{"level":"info","ts":1644239170.0619252,"logger":"controllers.DevWorkspace","msg":"Reconciling Workspace","Request.Namespace":"che-kube-admin-che-b00ysx","Request.Name":"spring-petclinic","devworkspace_id":"workspaceda378b76935b4bf6"}
{"level":"info","ts":1644239170.0975971,"logger":"controllers.DevWorkspace","msg":"Created object","Request.Namespace":"che-kube-admin-che-b00ysx","Request.Name":"spring-petclinic","kind":"v1.PersistentVolumeClaim","name":"claim-devworkspace"}
{"level":"info","ts":1644239170.0976253,"logger":"controllers.DevWorkspace","msg":"Updated common PVC on cluster","Request.Namespace":"che-kube-admin-che-b00ysx","Request.Name":"spring-petclinic","devworkspace_id":"workspaceda378b76935b4bf6"}
{"level":"info","ts":1644239170.1142497,"logger":"controllers.DevWorkspace","msg":"Reconciling Workspace","Request.Namespace":"che-kube-admin-che-b00ysx","Request.Name":"spring-petclinic","devworkspace_id":"workspaceda378b76935b4bf6"}
{"level":"info","ts":1644239170.1930099,"logger":"controllers.DevWorkspace","msg":"Created object","Request.Namespace":"che-kube-admin-che-b00ysx","Request.Name":"spring-petclinic","kind":"v1alpha1.DevWorkspaceRouting","name":"routing-workspaceda378b76935b4bf6"}
{"level":"info","ts":1644239170.1930997,"logger":"controllers.DevWorkspace","msg":"Waiting on routing to be ready","Request.Namespace":"che-kube-admin-che-b00ysx","Request.Name":"spring-petclinic","devworkspace_id":"workspaceda378b76935b4bf6"}
{"level":"info","ts":1644239170.208996,"logger":"controllers.DevWorkspace","msg":"Reconciling Workspace","Request.Namespace":"che-kube-admin-che-b00ysx","Request.Name":"spring-petclinic","devworkspace_id":"workspaceda378b76935b4bf6"}
{"level":"info","ts":1644239170.2326329,"logger":"controllers.DevWorkspace","msg":"Error updating workspace status: Operation cannot be fulfilled on devworkspaces.workspace.devfile.io \"spring-petclinic\": the object has been modified; please apply your changes to the latest version and try again","Request.Namespace":"che-kube-admin-che-b00ysx","Request.Name":"spring-petclinic","devworkspace_id":"workspaceda378b76935b4bf6"}
{"level":"error","ts":1644239170.2326732,"logger":"controller-runtime.manager.controller.devworkspace","msg":"Reconciler error","reconciler group":"workspace.devfile.io","reconciler kind":"DevWorkspace","name":"spring-petclinic","namespace":"che-kube-admin-che-b00ysx","error":"Operation cannot be fulfilled on devworkspaces.workspace.devfile.io \"spring-petclinic\": the object has been modified; please apply your changes to the latest version and try again","stacktrace":"sigs.k8s.io/controller-runtime/pkg/internal/controller.(*Controller).processNextWorkItem\n\t/go/pkg/mod/sigs.k8s.io/controller-runtime@v0.9.5/pkg/internal/controller/controller.go:253\nsigs.k8s.io/controller-runtime/pkg/internal/controller.(*Controller).Start.func2.2\n\t/go/pkg/mod/sigs.k8s.io/controller-runtime@v0.9.5/pkg/internal/controller/controller.go:214"}
{"level":"info","ts":1644239170.2327745,"logger":"controllers.DevWorkspace","msg":"Reconciling Workspace","Request.Namespace":"che-kube-admin-che-b00ysx","Request.Name":"spring-petclinic","devworkspace_id":"workspaceda378b76935b4bf6"}
{"level":"info","ts":1644239170.2691789,"logger":"controllers.DevWorkspace","msg":"Waiting on routing to be ready","Request.Namespace":"che-kube-admin-che-b00ysx","Request.Name":"spring-petclinic","devworkspace_id":"workspaceda378b76935b4bf6"}
{"level":"info","ts":1644239170.2867417,"logger":"controllers.DevWorkspace","msg":"Reconciling Workspace","Request.Namespace":"che-kube-admin-che-b00ysx","Request.Name":"spring-petclinic","devworkspace_id":"workspaceda378b76935b4bf6"}
{"level":"info","ts":1644239170.2951128,"logger":"controllers.DevWorkspaceRouting","msg":"Reconciling DevWorkspaceRouting","Request.Namespace":"che-kube-admin-che-b00ysx","Request.Name":"routing-workspaceda378b76935b4bf6","devworkspace_id":"workspaceda378b76935b4bf6"}
{"level":"info","ts":1644239170.3241055,"logger":"controllers.DevWorkspace","msg":"Waiting on routing to be ready","Request.Namespace":"che-kube-admin-che-b00ysx","Request.Name":"spring-petclinic","devworkspace_id":"workspaceda378b76935b4bf6"}
{"level":"info","ts":1644239170.3408768,"logger":"controllers.DevWorkspace","msg":"Reconciling Workspace","Request.Namespace":"che-kube-admin-che-b00ysx","Request.Name":"spring-petclinic","devworkspace_id":"workspaceda378b76935b4bf6"}
{"level":"info","ts":1644239170.370922,"logger":"controllers.DevWorkspace","msg":"Error updating workspace status: Operation cannot be fulfilled on devworkspaces.workspace.devfile.io \"spring-petclinic\": the object has been modified; please apply your changes to the latest version and try again","Request.Namespace":"che-kube-admin-che-b00ysx","Request.Name":"spring-petclinic","devworkspace_id":"workspaceda378b76935b4bf6"}
{"level":"error","ts":1644239170.3710556,"logger":"controller-runtime.manager.controller.devworkspace","msg":"Reconciler error","reconciler group":"workspace.devfile.io","reconciler kind":"DevWorkspace","name":"spring-petclinic","namespace":"che-kube-admin-che-b00ysx","error":"Operation cannot be fulfilled on devworkspaces.workspace.devfile.io \"spring-petclinic\": the object has been modified; please apply your changes to the latest version and try again","stacktrace":"sigs.k8s.io/controller-runtime/pkg/internal/controller.(*Controller).processNextWorkItem\n\t/go/pkg/mod/sigs.k8s.io/controller-runtime@v0.9.5/pkg/internal/controller/controller.go:253\nsigs.k8s.io/controller-runtime/pkg/internal/controller.(*Controller).Start.func2.2\n\t/go/pkg/mod/sigs.k8s.io/controller-runtime@v0.9.5/pkg/internal/controller/controller.go:214"}
{"level":"info","ts":1644239170.371221,"logger":"controllers.DevWorkspace","msg":"Reconciling Workspace","Request.Namespace":"che-kube-admin-che-b00ysx","Request.Name":"spring-petclinic","devworkspace_id":"workspaceda378b76935b4bf6"}
{"level":"info","ts":1644239170.4069726,"logger":"controllers.DevWorkspace","msg":"Waiting on routing to be ready","Request.Namespace":"che-kube-admin-che-b00ysx","Request.Name":"spring-petclinic","devworkspace_id":"workspaceda378b76935b4bf6"}
{"level":"info","ts":1644239170.4369214,"logger":"controllers.DevWorkspace","msg":"Reconciling Workspace","Request.Namespace":"che-kube-admin-che-b00ysx","Request.Name":"spring-petclinic","devworkspace_id":"workspaceda378b76935b4bf6"}
{"level":"info","ts":1644239170.4655786,"logger":"controllers.DevWorkspace","msg":"Waiting on routing to be ready","Request.Namespace":"che-kube-admin-che-b00ysx","Request.Name":"spring-petclinic","devworkspace_id":"workspaceda378b76935b4bf6"}
{"level":"info","ts":1644239170.4786568,"logger":"controllers.DevWorkspaceRouting","msg":"Reconciling DevWorkspaceRouting","Request.Namespace":"che-kube-admin-che-b00ysx","Request.Name":"routing-workspaceda378b76935b4bf6","devworkspace_id":"workspaceda378b76935b4bf6"}
{"level":"info","ts":1644239170.498933,"logger":"controllers.DevWorkspace","msg":"Reconciling Workspace","Request.Namespace":"che-kube-admin-che-b00ysx","Request.Name":"spring-petclinic","devworkspace_id":"workspaceda378b76935b4bf6"}
{"level":"info","ts":1644239170.540169,"logger":"controllers.DevWorkspaceRouting","msg":"Reconciling DevWorkspaceRouting","Request.Namespace":"che-kube-admin-che-b00ysx","Request.Name":"routing-workspaceda378b76935b4bf6","devworkspace_id":"workspaceda378b76935b4bf6"}
{"level":"info","ts":1644239170.5408173,"logger":"controllers.DevWorkspace","msg":"Waiting on routing to be ready","Request.Namespace":"che-kube-admin-che-b00ysx","Request.Name":"spring-petclinic","devworkspace_id":"workspaceda378b76935b4bf6"}
{"level":"info","ts":1644239170.563729,"logger":"controllers.DevWorkspace","msg":"Reconciling Workspace","Request.Namespace":"che-kube-admin-che-b00ysx","Request.Name":"spring-petclinic","devworkspace_id":"workspaceda378b76935b4bf6"}
{"level":"info","ts":1644239170.5861363,"logger":"controllers.DevWorkspace","msg":"Error updating workspace status: Operation cannot be fulfilled on devworkspaces.workspace.devfile.io \"spring-petclinic\": the object has been modified; please apply your changes to the latest version and try again","Request.Namespace":"che-kube-admin-che-b00ysx","Request.Name":"spring-petclinic","devworkspace_id":"workspaceda378b76935b4bf6"}
{"level":"error","ts":1644239170.5861728,"logger":"controller-runtime.manager.controller.devworkspace","msg":"Reconciler error","reconciler group":"workspace.devfile.io","reconciler kind":"DevWorkspace","name":"spring-petclinic","namespace":"che-kube-admin-che-b00ysx","error":"Operation cannot be fulfilled on devworkspaces.workspace.devfile.io \"spring-petclinic\": the object has been modified; please apply your changes to the latest version and try again","stacktrace":"sigs.k8s.io/controller-runtime/pkg/internal/controller.(*Controller).processNextWorkItem\n\t/go/pkg/mod/sigs.k8s.io/controller-runtime@v0.9.5/pkg/internal/controller/controller.go:253\nsigs.k8s.io/controller-runtime/pkg/internal/controller.(*Controller).Start.func2.2\n\t/go/pkg/mod/sigs.k8s.io/controller-runtime@v0.9.5/pkg/internal/controller/controller.go:214"}
{"level":"info","ts":1644239170.5863376,"logger":"controllers.DevWorkspace","msg":"Reconciling Workspace","Request.Namespace":"che-kube-admin-che-b00ysx","Request.Name":"spring-petclinic","devworkspace_id":"workspaceda378b76935b4bf6"}
{"level":"info","ts":1644239170.6430228,"logger":"controllers.DevWorkspace","msg":"Updating workspace status","Request.Namespace":"che-kube-admin-che-b00ysx","Request.Name":"spring-petclinic","devworkspace_id":"workspaceda378b76935b4bf6"}
{"level":"info","ts":1644239170.6606596,"logger":"controllers.DevWorkspace","msg":"Reconciling Workspace","Request.Namespace":"che-kube-admin-che-b00ysx","Request.Name":"spring-petclinic","devworkspace_id":"workspaceda378b76935b4bf6"}
{"level":"info","ts":1644239170.7061255,"logger":"controllers.DevWorkspace","msg":"Created object","Request.Namespace":"che-kube-admin-che-b00ysx","Request.Name":"spring-petclinic","kind":"v1.ConfigMap","name":"workspaceda378b76935b4bf6-metadata"}
{"level":"info","ts":1644239170.7061589,"logger":"controllers.DevWorkspace","msg":"Waiting for DevWorkspace metadata configmap to be ready","Request.Namespace":"che-kube-admin-che-b00ysx","Request.Name":"spring-petclinic","devworkspace_id":"workspaceda378b76935b4bf6"}
{"level":"info","ts":1644239170.7238915,"logger":"controllers.DevWorkspace","msg":"Reconciling Workspace","Request.Namespace":"che-kube-admin-che-b00ysx","Request.Name":"spring-petclinic","devworkspace_id":"workspaceda378b76935b4bf6"}
{"level":"info","ts":1644239170.7602665,"logger":"controllers.DevWorkspace","msg":"Created object","Request.Namespace":"che-kube-admin-che-b00ysx","Request.Name":"spring-petclinic","kind":"v1.ServiceAccount","name":"workspaceda378b76935b4bf6-sa"}
{"level":"info","ts":1644239170.7602901,"logger":"controllers.DevWorkspace","msg":"Waiting for workspace ServiceAccount","Request.Namespace":"che-kube-admin-che-b00ysx","Request.Name":"spring-petclinic","devworkspace_id":"workspaceda378b76935b4bf6"}
{"level":"info","ts":1644239170.7775784,"logger":"controllers.DevWorkspace","msg":"Reconciling Workspace","Request.Namespace":"che-kube-admin-che-b00ysx","Request.Name":"spring-petclinic","devworkspace_id":"workspaceda378b76935b4bf6"}
{"level":"info","ts":1644239170.820403,"logger":"controllers.DevWorkspace","msg":"Error updating workspace status: Operation cannot be fulfilled on devworkspaces.workspace.devfile.io \"spring-petclinic\": the object has been modified; please apply your changes to the latest version and try again","Request.Namespace":"che-kube-admin-che-b00ysx","Request.Name":"spring-petclinic","devworkspace_id":"workspaceda378b76935b4bf6"}
{"level":"error","ts":1644239170.8204403,"logger":"controller-runtime.manager.controller.devworkspace","msg":"Reconciler error","reconciler group":"workspace.devfile.io","reconciler kind":"DevWorkspace","name":"spring-petclinic","namespace":"che-kube-admin-che-b00ysx","error":"Operation cannot be fulfilled on devworkspaces.workspace.devfile.io \"spring-petclinic\": the object has been modified; please apply your changes to the latest version and try again","stacktrace":"sigs.k8s.io/controller-runtime/pkg/internal/controller.(*Controller).processNextWorkItem\n\t/go/pkg/mod/sigs.k8s.io/controller-runtime@v0.9.5/pkg/internal/controller/controller.go:253\nsigs.k8s.io/controller-runtime/pkg/internal/controller.(*Controller).Start.func2.2\n\t/go/pkg/mod/sigs.k8s.io/controller-runtime@v0.9.5/pkg/internal/controller/controller.go:214"}
{"level":"info","ts":1644239170.8205793,"logger":"controllers.DevWorkspace","msg":"Reconciling Workspace","Request.Namespace":"che-kube-admin-che-b00ysx","Request.Name":"spring-petclinic","devworkspace_id":"workspaceda378b76935b4bf6"}
{"level":"info","ts":1644239171.0470107,"logger":"controllers.DevWorkspace","msg":"Created object","Request.Namespace":"che-kube-admin-che-b00ysx","Request.Name":"spring-petclinic","kind":"v1.Deployment","name":"workspaceda378b76935b4bf6"}
{"level":"info","ts":1644239171.0470536,"logger":"controllers.DevWorkspace","msg":"Waiting on deployment to be ready","Request.Namespace":"che-kube-admin-che-b00ysx","Request.Name":"spring-petclinic","devworkspace_id":"workspaceda378b76935b4bf6"}
{"level":"info","ts":1644239171.0637655,"logger":"controllers.DevWorkspace","msg":"Reconciling Workspace","Request.Namespace":"che-kube-admin-che-b00ysx","Request.Name":"spring-petclinic","devworkspace_id":"workspaceda378b76935b4bf6"}
{"level":"info","ts":1644239171.1210823,"logger":"controllers.DevWorkspace","msg":"Waiting on deployment to be ready","Request.Namespace":"che-kube-admin-che-b00ysx","Request.Name":"spring-petclinic","devworkspace_id":"workspaceda378b76935b4bf6"}
{"level":"info","ts":1644239171.14354,"logger":"controllers.DevWorkspace","msg":"Reconciling Workspace","Request.Namespace":"che-kube-admin-che-b00ysx","Request.Name":"spring-petclinic","devworkspace_id":"workspaceda378b76935b4bf6"}
{"level":"info","ts":1644239171.2000234,"logger":"controllers.DevWorkspace","msg":"Waiting on deployment to be ready","Request.Namespace":"che-kube-admin-che-b00ysx","Request.Name":"spring-petclinic","devworkspace_id":"workspaceda378b76935b4bf6"}
{"level":"info","ts":1644239171.2165318,"logger":"controllers.DevWorkspace","msg":"Reconciling Workspace","Request.Namespace":"che-kube-admin-che-b00ysx","Request.Name":"spring-petclinic","devworkspace_id":"workspaceda378b76935b4bf6"}
{"level":"info","ts":1644239171.2902899,"logger":"controllers.DevWorkspace","msg":"Waiting on deployment to be ready","Request.Namespace":"che-kube-admin-che-b00ysx","Request.Name":"spring-petclinic","devworkspace_id":"workspaceda378b76935b4bf6"}
{"level":"info","ts":1644239171.3040006,"logger":"controllers.DevWorkspace","msg":"Reconciling Workspace","Request.Namespace":"che-kube-admin-che-b00ysx","Request.Name":"spring-petclinic","devworkspace_id":"workspaceda378b76935b4bf6"}
{"level":"info","ts":1644239171.365637,"logger":"controllers.DevWorkspace","msg":"Waiting on deployment to be ready","Request.Namespace":"che-kube-admin-che-b00ysx","Request.Name":"spring-petclinic","devworkspace_id":"workspaceda378b76935b4bf6"}
{"level":"info","ts":1644239176.3055573,"logger":"controllers.DevWorkspace","msg":"Reconciling Workspace","Request.Namespace":"che-kube-admin-che-b00ysx","Request.Name":"spring-petclinic","devworkspace_id":"workspaceda378b76935b4bf6"}
{"level":"info","ts":1644239176.4137633,"logger":"controllers.DevWorkspace","msg":"Waiting on deployment to be ready","Request.Namespace":"che-kube-admin-che-b00ysx","Request.Name":"spring-petclinic","devworkspace_id":"workspaceda378b76935b4bf6"}
{"level":"info","ts":1644239177.2040107,"logger":"controllers.DevWorkspace","msg":"Reconciling Workspace","Request.Namespace":"che-kube-admin-che-b00ysx","Request.Name":"spring-petclinic","devworkspace_id":"workspaceda378b76935b4bf6"}
{"level":"info","ts":1644239177.2523825,"logger":"controllers.DevWorkspace","msg":"Waiting on deployment to be ready","Request.Namespace":"che-kube-admin-che-b00ysx","Request.Name":"spring-petclinic","devworkspace_id":"workspaceda378b76935b4bf6"}
{"level":"info","ts":1644239177.2642024,"logger":"controllers.DevWorkspace","msg":"Reconciling Workspace","Request.Namespace":"che-kube-admin-che-b00ysx","Request.Name":"spring-petclinic","devworkspace_id":"workspaceda378b76935b4bf6"}
{"level":"info","ts":1644239177.306092,"logger":"controllers.DevWorkspace","msg":"Waiting on deployment to be ready","Request.Namespace":"che-kube-admin-che-b00ysx","Request.Name":"spring-petclinic","devworkspace_id":"workspaceda378b76935b4bf6"}
{"level":"info","ts":1644239181.4288187,"logger":"controllers.DevWorkspace","msg":"Reconciling Workspace","Request.Namespace":"che-kube-admin-che-b00ysx","Request.Name":"spring-petclinic","devworkspace_id":"workspaceda378b76935b4bf6"}
{"level":"info","ts":1644239181.4802744,"logger":"controllers.DevWorkspace","msg":"Waiting on deployment to be ready","Request.Namespace":"che-kube-admin-che-b00ysx","Request.Name":"spring-petclinic","devworkspace_id":"workspaceda378b76935b4bf6"}
{"level":"info","ts":1644239186.493936,"logger":"controllers.DevWorkspace","msg":"Reconciling Workspace","Request.Namespace":"che-kube-admin-che-b00ysx","Request.Name":"spring-petclinic","devworkspace_id":"workspaceda378b76935b4bf6"}
{"level":"info","ts":1644239186.541573,"logger":"controllers.DevWorkspace","msg":"Waiting on deployment to be ready","Request.Namespace":"che-kube-admin-che-b00ysx","Request.Name":"spring-petclinic","devworkspace_id":"workspaceda378b76935b4bf6"}
{"level":"info","ts":1644239191.5579607,"logger":"controllers.DevWorkspace","msg":"Reconciling Workspace","Request.Namespace":"che-kube-admin-che-b00ysx","Request.Name":"spring-petclinic","devworkspace_id":"workspaceda378b76935b4bf6"}
{"level":"info","ts":1644239191.602622,"logger":"controllers.DevWorkspace","msg":"Waiting on deployment to be ready","Request.Namespace":"che-kube-admin-che-b00ysx","Request.Name":"spring-petclinic","devworkspace_id":"workspaceda378b76935b4bf6"}
{"level":"info","ts":1644239196.620227,"logger":"controllers.DevWorkspace","msg":"Reconciling Workspace","Request.Namespace":"che-kube-admin-che-b00ysx","Request.Name":"spring-petclinic","devworkspace_id":"workspaceda378b76935b4bf6"}
{"level":"info","ts":1644239196.6658607,"logger":"controllers.DevWorkspace","msg":"Waiting on deployment to be ready","Request.Namespace":"che-kube-admin-che-b00ysx","Request.Name":"spring-petclinic","devworkspace_id":"workspaceda378b76935b4bf6"}
{"level":"info","ts":1644239201.679249,"logger":"controllers.DevWorkspace","msg":"Reconciling Workspace","Request.Namespace":"che-kube-admin-che-b00ysx","Request.Name":"spring-petclinic","devworkspace_id":"workspaceda378b76935b4bf6"}
{"level":"info","ts":1644239201.7395313,"logger":"controllers.DevWorkspace","msg":"Waiting on deployment to be ready","Request.Namespace":"che-kube-admin-che-b00ysx","Request.Name":"spring-petclinic","devworkspace_id":"workspaceda378b76935b4bf6"}
{"level":"info","ts":1644239203.25341,"logger":"controllers.DevWorkspace","msg":"Reconciling Workspace","Request.Namespace":"che-kube-admin-che-b00ysx","Request.Name":"spring-petclinic","devworkspace_id":"workspaceda378b76935b4bf6"}
{"level":"info","ts":1644239203.322553,"logger":"controllers.DevWorkspace","msg":"Waiting on deployment to be ready","Request.Namespace":"che-kube-admin-che-b00ysx","Request.Name":"spring-petclinic","devworkspace_id":"workspaceda378b76935b4bf6"}
{"level":"info","ts":1644239206.2796142,"logger":"controllers.DevWorkspace","msg":"Reconciling Workspace","Request.Namespace":"che-kube-admin-che-b00ysx","Request.Name":"spring-petclinic","devworkspace_id":"workspaceda378b76935b4bf6"}
{"level":"info","ts":1644239206.343491,"logger":"controllers.DevWorkspace","msg":"Waiting on deployment to be ready","Request.Namespace":"che-kube-admin-che-b00ysx","Request.Name":"spring-petclinic","devworkspace_id":"workspaceda378b76935b4bf6"}
{"level":"info","ts":1644239206.7534652,"logger":"controllers.DevWorkspace","msg":"Reconciling Workspace","Request.Namespace":"che-kube-admin-che-b00ysx","Request.Name":"spring-petclinic","devworkspace_id":"workspaceda378b76935b4bf6"}
{"level":"info","ts":1644239206.7964666,"logger":"controllers.DevWorkspace","msg":"Waiting on deployment to be ready","Request.Namespace":"che-kube-admin-che-b00ysx","Request.Name":"spring-petclinic","devworkspace_id":"workspaceda378b76935b4bf6"}
{"level":"info","ts":1644239211.8111513,"logger":"controllers.DevWorkspace","msg":"Reconciling Workspace","Request.Namespace":"che-kube-admin-che-b00ysx","Request.Name":"spring-petclinic","devworkspace_id":"workspaceda378b76935b4bf6"}
{"level":"info","ts":1644239211.8817618,"logger":"controllers.DevWorkspace","msg":"Waiting on deployment to be ready","Request.Namespace":"che-kube-admin-che-b00ysx","Request.Name":"spring-petclinic","devworkspace_id":"workspaceda378b76935b4bf6"}
{"level":"info","ts":1644239216.8972132,"logger":"controllers.DevWorkspace","msg":"Reconciling Workspace","Request.Namespace":"che-kube-admin-che-b00ysx","Request.Name":"spring-petclinic","devworkspace_id":"workspaceda378b76935b4bf6"}
{"level":"info","ts":1644239216.9429371,"logger":"controllers.DevWorkspace","msg":"Waiting on deployment to be ready","Request.Namespace":"che-kube-admin-che-b00ysx","Request.Name":"spring-petclinic","devworkspace_id":"workspaceda378b76935b4bf6"}
{"level":"info","ts":1644239219.4510124,"logger":"controllers.DevWorkspace","msg":"Reconciling Workspace","Request.Namespace":"che-kube-admin-che-b00ysx","Request.Name":"spring-petclinic","devworkspace_id":"workspaceda378b76935b4bf6"}
{"level":"info","ts":1644239219.4971151,"logger":"controllers.DevWorkspace","msg":"Waiting on deployment to be ready","Request.Namespace":"che-kube-admin-che-b00ysx","Request.Name":"spring-petclinic","devworkspace_id":"workspaceda378b76935b4bf6"}
{"level":"info","ts":1644239221.9581335,"logger":"controllers.DevWorkspace","msg":"Reconciling Workspace","Request.Namespace":"che-kube-admin-che-b00ysx","Request.Name":"spring-petclinic","devworkspace_id":"workspaceda378b76935b4bf6"}
{"level":"info","ts":1644239222.0100973,"logger":"controllers.DevWorkspace","msg":"Waiting on deployment to be ready","Request.Namespace":"che-kube-admin-che-b00ysx","Request.Name":"spring-petclinic","devworkspace_id":"workspaceda378b76935b4bf6"}
{"level":"info","ts":1644239227.025282,"logger":"controllers.DevWorkspace","msg":"Reconciling Workspace","Request.Namespace":"che-kube-admin-che-b00ysx","Request.Name":"spring-petclinic","devworkspace_id":"workspaceda378b76935b4bf6"}
{"level":"info","ts":1644239227.068897,"logger":"controllers.DevWorkspace","msg":"Waiting on deployment to be ready","Request.Namespace":"che-kube-admin-che-b00ysx","Request.Name":"spring-petclinic","devworkspace_id":"workspaceda378b76935b4bf6"}
{"level":"info","ts":1644239232.083239,"logger":"controllers.DevWorkspace","msg":"Reconciling Workspace","Request.Namespace":"che-kube-admin-che-b00ysx","Request.Name":"spring-petclinic","devworkspace_id":"workspaceda378b76935b4bf6"}
{"level":"info","ts":1644239232.239614,"logger":"controllers.DevWorkspace","msg":"Waiting on deployment to be ready","Request.Namespace":"che-kube-admin-che-b00ysx","Request.Name":"spring-petclinic","devworkspace_id":"workspaceda378b76935b4bf6"}
{"level":"info","ts":1644239237.2635722,"logger":"controllers.DevWorkspace","msg":"Reconciling Workspace","Request.Namespace":"che-kube-admin-che-b00ysx","Request.Name":"spring-petclinic","devworkspace_id":"workspaceda378b76935b4bf6"}
{"level":"info","ts":1644239237.3192906,"logger":"controllers.DevWorkspace","msg":"Waiting on deployment to be ready","Request.Namespace":"che-kube-admin-che-b00ysx","Request.Name":"spring-petclinic","devworkspace_id":"workspaceda378b76935b4bf6"}
{"level":"info","ts":1644239242.331737,"logger":"controllers.DevWorkspace","msg":"Reconciling Workspace","Request.Namespace":"che-kube-admin-che-b00ysx","Request.Name":"spring-petclinic","devworkspace_id":"workspaceda378b76935b4bf6"}
{"level":"info","ts":1644239242.4014258,"logger":"controllers.DevWorkspace","msg":"Waiting on deployment to be ready","Request.Namespace":"che-kube-admin-che-b00ysx","Request.Name":"spring-petclinic","devworkspace_id":"workspaceda378b76935b4bf6"}
{"level":"info","ts":1644239247.438532,"logger":"controllers.DevWorkspace","msg":"Reconciling Workspace","Request.Namespace":"che-kube-admin-che-b00ysx","Request.Name":"spring-petclinic","devworkspace_id":"workspaceda378b76935b4bf6"}
{"level":"info","ts":1644239247.4868605,"logger":"controllers.DevWorkspace","msg":"Waiting on deployment to be ready","Request.Namespace":"che-kube-admin-che-b00ysx","Request.Name":"spring-petclinic","devworkspace_id":"workspaceda378b76935b4bf6"}
{"level":"info","ts":1644239252.500177,"logger":"controllers.DevWorkspace","msg":"Reconciling Workspace","Request.Namespace":"che-kube-admin-che-b00ysx","Request.Name":"spring-petclinic","devworkspace_id":"workspaceda378b76935b4bf6"}
{"level":"info","ts":1644239252.5510778,"logger":"controllers.DevWorkspace","msg":"Waiting on deployment to be ready","Request.Namespace":"che-kube-admin-che-b00ysx","Request.Name":"spring-petclinic","devworkspace_id":"workspaceda378b76935b4bf6"}
{"level":"info","ts":1644239257.566086,"logger":"controllers.DevWorkspace","msg":"Reconciling Workspace","Request.Namespace":"che-kube-admin-che-b00ysx","Request.Name":"spring-petclinic","devworkspace_id":"workspaceda378b76935b4bf6"}
{"level":"info","ts":1644239257.608778,"logger":"controllers.DevWorkspace","msg":"Waiting on deployment to be ready","Request.Namespace":"che-kube-admin-che-b00ysx","Request.Name":"spring-petclinic","devworkspace_id":"workspaceda378b76935b4bf6"}
{"level":"info","ts":1644239262.6236327,"logger":"controllers.DevWorkspace","msg":"Reconciling Workspace","Request.Namespace":"che-kube-admin-che-b00ysx","Request.Name":"spring-petclinic","devworkspace_id":"workspaceda378b76935b4bf6"}
{"level":"info","ts":1644239262.6939528,"logger":"controllers.DevWorkspace","msg":"Waiting on deployment to be ready","Request.Namespace":"che-kube-admin-che-b00ysx","Request.Name":"spring-petclinic","devworkspace_id":"workspaceda378b76935b4bf6"}
{"level":"info","ts":1644239267.7066667,"logger":"controllers.DevWorkspace","msg":"Reconciling Workspace","Request.Namespace":"che-kube-admin-che-b00ysx","Request.Name":"spring-petclinic","devworkspace_id":"workspaceda378b76935b4bf6"}
{"level":"info","ts":1644239267.761527,"logger":"controllers.DevWorkspace","msg":"Waiting on deployment to be ready","Request.Namespace":"che-kube-admin-che-b00ysx","Request.Name":"spring-petclinic","devworkspace_id":"workspaceda378b76935b4bf6"}
{"level":"info","ts":1644239272.7782722,"logger":"controllers.DevWorkspace","msg":"Reconciling Workspace","Request.Namespace":"che-kube-admin-che-b00ysx","Request.Name":"spring-petclinic","devworkspace_id":"workspaceda378b76935b4bf6"}
{"level":"info","ts":1644239272.8245707,"logger":"controllers.DevWorkspace","msg":"Waiting on deployment to be ready","Request.Namespace":"che-kube-admin-che-b00ysx","Request.Name":"spring-petclinic","devworkspace_id":"workspaceda378b76935b4bf6"}
{"level":"info","ts":1644239277.83671,"logger":"controllers.DevWorkspace","msg":"Reconciling Workspace","Request.Namespace":"che-kube-admin-che-b00ysx","Request.Name":"spring-petclinic","devworkspace_id":"workspaceda378b76935b4bf6"}
{"level":"info","ts":1644239277.8837864,"logger":"controllers.DevWorkspace","msg":"Waiting on deployment to be ready","Request.Namespace":"che-kube-admin-che-b00ysx","Request.Name":"spring-petclinic","devworkspace_id":"workspaceda378b76935b4bf6"}
{"level":"info","ts":1644239282.896421,"logger":"controllers.DevWorkspace","msg":"Reconciling Workspace","Request.Namespace":"che-kube-admin-che-b00ysx","Request.Name":"spring-petclinic","devworkspace_id":"workspaceda378b76935b4bf6"}
{"level":"info","ts":1644239282.941752,"logger":"controllers.DevWorkspace","msg":"Waiting on deployment to be ready","Request.Namespace":"che-kube-admin-che-b00ysx","Request.Name":"spring-petclinic","devworkspace_id":"workspaceda378b76935b4bf6"}
{"level":"info","ts":1644239287.954644,"logger":"controllers.DevWorkspace","msg":"Reconciling Workspace","Request.Namespace":"che-kube-admin-che-b00ysx","Request.Name":"spring-petclinic","devworkspace_id":"workspaceda378b76935b4bf6"}
{"level":"info","ts":1644239288.0198,"logger":"controllers.DevWorkspace","msg":"Waiting on deployment to be ready","Request.Namespace":"che-kube-admin-che-b00ysx","Request.Name":"spring-petclinic","devworkspace_id":"workspaceda378b76935b4bf6"}
{"level":"info","ts":1644239293.0318677,"logger":"controllers.DevWorkspace","msg":"Reconciling Workspace","Request.Namespace":"che-kube-admin-che-b00ysx","Request.Name":"spring-petclinic","devworkspace_id":"workspaceda378b76935b4bf6"}
{"level":"info","ts":1644239293.0786638,"logger":"controllers.DevWorkspace","msg":"Waiting on deployment to be ready","Request.Namespace":"che-kube-admin-che-b00ysx","Request.Name":"spring-petclinic","devworkspace_id":"workspaceda378b76935b4bf6"}
{"level":"info","ts":1644239298.090581,"logger":"controllers.DevWorkspace","msg":"Reconciling Workspace","Request.Namespace":"che-kube-admin-che-b00ysx","Request.Name":"spring-petclinic","devworkspace_id":"workspaceda378b76935b4bf6"}
{"level":"info","ts":1644239298.1442258,"logger":"controllers.DevWorkspace","msg":"Waiting on deployment to be ready","Request.Namespace":"che-kube-admin-che-b00ysx","Request.Name":"spring-petclinic","devworkspace_id":"workspaceda378b76935b4bf6"}
{"level":"info","ts":1644239303.1572511,"logger":"controllers.DevWorkspace","msg":"Reconciling Workspace","Request.Namespace":"che-kube-admin-che-b00ysx","Request.Name":"spring-petclinic","devworkspace_id":"workspaceda378b76935b4bf6"}
{"level":"info","ts":1644239303.201998,"logger":"controllers.DevWorkspace","msg":"Waiting on deployment to be ready","Request.Namespace":"che-kube-admin-che-b00ysx","Request.Name":"spring-petclinic","devworkspace_id":"workspaceda378b76935b4bf6"}
{"level":"info","ts":1644239308.2151673,"logger":"controllers.DevWorkspace","msg":"Reconciling Workspace","Request.Namespace":"che-kube-admin-che-b00ysx","Request.Name":"spring-petclinic","devworkspace_id":"workspaceda378b76935b4bf6"}
{"level":"info","ts":1644239308.25894,"logger":"controllers.DevWorkspace","msg":"Waiting on deployment to be ready","Request.Namespace":"che-kube-admin-che-b00ysx","Request.Name":"spring-petclinic","devworkspace_id":"workspaceda378b76935b4bf6"}
{"level":"info","ts":1644239313.2724814,"logger":"controllers.DevWorkspace","msg":"Reconciling Workspace","Request.Namespace":"che-kube-admin-che-b00ysx","Request.Name":"spring-petclinic","devworkspace_id":"workspaceda378b76935b4bf6"}
{"level":"info","ts":1644239313.3268135,"logger":"controllers.DevWorkspace","msg":"Waiting on deployment to be ready","Request.Namespace":"che-kube-admin-che-b00ysx","Request.Name":"spring-petclinic","devworkspace_id":"workspaceda378b76935b4bf6"}
{"level":"info","ts":1644239318.3407822,"logger":"controllers.DevWorkspace","msg":"Reconciling Workspace","Request.Namespace":"che-kube-admin-che-b00ysx","Request.Name":"spring-petclinic","devworkspace_id":"workspaceda378b76935b4bf6"}
{"level":"info","ts":1644239318.40659,"logger":"controllers.DevWorkspace","msg":"Waiting on deployment to be ready","Request.Namespace":"che-kube-admin-che-b00ysx","Request.Name":"spring-petclinic","devworkspace_id":"workspaceda378b76935b4bf6"}
{"level":"info","ts":1644239323.4213068,"logger":"controllers.DevWorkspace","msg":"Reconciling Workspace","Request.Namespace":"che-kube-admin-che-b00ysx","Request.Name":"spring-petclinic","devworkspace_id":"workspaceda378b76935b4bf6"}
{"level":"info","ts":1644239323.46549,"logger":"controllers.DevWorkspace","msg":"Waiting on deployment to be ready","Request.Namespace":"che-kube-admin-che-b00ysx","Request.Name":"spring-petclinic","devworkspace_id":"workspaceda378b76935b4bf6"}
{"level":"info","ts":1644239328.4801776,"logger":"controllers.DevWorkspace","msg":"Reconciling Workspace","Request.Namespace":"che-kube-admin-che-b00ysx","Request.Name":"spring-petclinic","devworkspace_id":"workspaceda378b76935b4bf6"}
{"level":"info","ts":1644239328.5317266,"logger":"controllers.DevWorkspace","msg":"Waiting on deployment to be ready","Request.Namespace":"che-kube-admin-che-b00ysx","Request.Name":"spring-petclinic","devworkspace_id":"workspaceda378b76935b4bf6"}
{"level":"info","ts":1644239333.54487,"logger":"controllers.DevWorkspace","msg":"Reconciling Workspace","Request.Namespace":"che-kube-admin-che-b00ysx","Request.Name":"spring-petclinic","devworkspace_id":"workspaceda378b76935b4bf6"}
{"level":"info","ts":1644239333.589283,"logger":"controllers.DevWorkspace","msg":"Waiting on deployment to be ready","Request.Namespace":"che-kube-admin-che-b00ysx","Request.Name":"spring-petclinic","devworkspace_id":"workspaceda378b76935b4bf6"}
{"level":"info","ts":1644239338.601939,"logger":"controllers.DevWorkspace","msg":"Reconciling Workspace","Request.Namespace":"che-kube-admin-che-b00ysx","Request.Name":"spring-petclinic","devworkspace_id":"workspaceda378b76935b4bf6"}
{"level":"info","ts":1644239338.6472504,"logger":"controllers.DevWorkspace","msg":"Waiting on deployment to be ready","Request.Namespace":"che-kube-admin-che-b00ysx","Request.Name":"spring-petclinic","devworkspace_id":"workspaceda378b76935b4bf6"}
{"level":"info","ts":1644239343.665331,"logger":"controllers.DevWorkspace","msg":"Reconciling Workspace","Request.Namespace":"che-kube-admin-che-b00ysx","Request.Name":"spring-petclinic","devworkspace_id":"workspaceda378b76935b4bf6"}
{"level":"info","ts":1644239343.7159302,"logger":"controllers.DevWorkspace","msg":"Waiting on deployment to be ready","Request.Namespace":"che-kube-admin-che-b00ysx","Request.Name":"spring-petclinic","devworkspace_id":"workspaceda378b76935b4bf6"}
{"level":"info","ts":1644239348.7302759,"logger":"controllers.DevWorkspace","msg":"Reconciling Workspace","Request.Namespace":"che-kube-admin-che-b00ysx","Request.Name":"spring-petclinic","devworkspace_id":"workspaceda378b76935b4bf6"}
{"level":"info","ts":1644239348.7902174,"logger":"controllers.DevWorkspace","msg":"Waiting on deployment to be ready","Request.Namespace":"che-kube-admin-che-b00ysx","Request.Name":"spring-petclinic","devworkspace_id":"workspaceda378b76935b4bf6"}
{"level":"info","ts":1644239353.806471,"logger":"controllers.DevWorkspace","msg":"Reconciling Workspace","Request.Namespace":"che-kube-admin-che-b00ysx","Request.Name":"spring-petclinic","devworkspace_id":"workspaceda378b76935b4bf6"}
{"level":"info","ts":1644239353.8630006,"logger":"controllers.DevWorkspace","msg":"Waiting on deployment to be ready","Request.Namespace":"che-kube-admin-che-b00ysx","Request.Name":"spring-petclinic","devworkspace_id":"workspaceda378b76935b4bf6"}
{"level":"info","ts":1644239358.8781075,"logger":"controllers.DevWorkspace","msg":"Reconciling Workspace","Request.Namespace":"che-kube-admin-che-b00ysx","Request.Name":"spring-petclinic","devworkspace_id":"workspaceda378b76935b4bf6"}
{"level":"info","ts":1644239358.9246333,"logger":"controllers.DevWorkspace","msg":"Waiting on deployment to be ready","Request.Namespace":"che-kube-admin-che-b00ysx","Request.Name":"spring-petclinic","devworkspace_id":"workspaceda378b76935b4bf6"}
{"level":"info","ts":1644239363.9382882,"logger":"controllers.DevWorkspace","msg":"Reconciling Workspace","Request.Namespace":"che-kube-admin-che-b00ysx","Request.Name":"spring-petclinic","devworkspace_id":"workspaceda378b76935b4bf6"}
{"level":"info","ts":1644239363.989404,"logger":"controllers.DevWorkspace","msg":"Waiting on deployment to be ready","Request.Namespace":"che-kube-admin-che-b00ysx","Request.Name":"spring-petclinic","devworkspace_id":"workspaceda378b76935b4bf6"}
{"level":"info","ts":1644239369.0050516,"logger":"controllers.DevWorkspace","msg":"Reconciling Workspace","Request.Namespace":"che-kube-admin-che-b00ysx","Request.Name":"spring-petclinic","devworkspace_id":"workspaceda378b76935b4bf6"}
{"level":"info","ts":1644239369.0810864,"logger":"controllers.DevWorkspace","msg":"Waiting on deployment to be ready","Request.Namespace":"che-kube-admin-che-b00ysx","Request.Name":"spring-petclinic","devworkspace_id":"workspaceda378b76935b4bf6"}
{"level":"info","ts":1644239374.0952985,"logger":"controllers.DevWorkspace","msg":"Reconciling Workspace","Request.Namespace":"che-kube-admin-che-b00ysx","Request.Name":"spring-petclinic","devworkspace_id":"workspaceda378b76935b4bf6"}
{"level":"info","ts":1644239374.1446486,"logger":"controllers.DevWorkspace","msg":"Waiting on deployment to be ready","Request.Namespace":"che-kube-admin-che-b00ysx","Request.Name":"spring-petclinic","devworkspace_id":"workspaceda378b76935b4bf6"}
{"level":"info","ts":1644239379.1586506,"logger":"controllers.DevWorkspace","msg":"Reconciling Workspace","Request.Namespace":"che-kube-admin-che-b00ysx","Request.Name":"spring-petclinic","devworkspace_id":"workspaceda378b76935b4bf6"}
{"level":"info","ts":1644239379.2084439,"logger":"controllers.DevWorkspace","msg":"Waiting on deployment to be ready","Request.Namespace":"che-kube-admin-che-b00ysx","Request.Name":"spring-petclinic","devworkspace_id":"workspaceda378b76935b4bf6"}
{"level":"info","ts":1644239384.2255535,"logger":"controllers.DevWorkspace","msg":"Reconciling Workspace","Request.Namespace":"che-kube-admin-che-b00ysx","Request.Name":"spring-petclinic","devworkspace_id":"workspaceda378b76935b4bf6"}
{"level":"info","ts":1644239384.2867033,"logger":"controllers.DevWorkspace","msg":"Waiting on deployment to be ready","Request.Namespace":"che-kube-admin-che-b00ysx","Request.Name":"spring-petclinic","devworkspace_id":"workspaceda378b76935b4bf6"}
{"level":"info","ts":1644239389.301581,"logger":"controllers.DevWorkspace","msg":"Reconciling Workspace","Request.Namespace":"che-kube-admin-che-b00ysx","Request.Name":"spring-petclinic","devworkspace_id":"workspaceda378b76935b4bf6"}
{"level":"info","ts":1644239389.355599,"logger":"controllers.DevWorkspace","msg":"Waiting on deployment to be ready","Request.Namespace":"che-kube-admin-che-b00ysx","Request.Name":"spring-petclinic","devworkspace_id":"workspaceda378b76935b4bf6"}
{"level":"info","ts":1644239394.3747458,"logger":"controllers.DevWorkspace","msg":"Reconciling Workspace","Request.Namespace":"che-kube-admin-che-b00ysx","Request.Name":"spring-petclinic","devworkspace_id":"workspaceda378b76935b4bf6"}
{"level":"info","ts":1644239394.439274,"logger":"controllers.DevWorkspace","msg":"Waiting on deployment to be ready","Request.Namespace":"che-kube-admin-che-b00ysx","Request.Name":"spring-petclinic","devworkspace_id":"workspaceda378b76935b4bf6"}
{"level":"info","ts":1644239399.4535758,"logger":"controllers.DevWorkspace","msg":"Reconciling Workspace","Request.Namespace":"che-kube-admin-che-b00ysx","Request.Name":"spring-petclinic","devworkspace_id":"workspaceda378b76935b4bf6"}
{"level":"info","ts":1644239399.522509,"logger":"controllers.DevWorkspace","msg":"Waiting on deployment to be ready","Request.Namespace":"che-kube-admin-che-b00ysx","Request.Name":"spring-petclinic","devworkspace_id":"workspaceda378b76935b4bf6"}
{"level":"info","ts":1644239404.538537,"logger":"controllers.DevWorkspace","msg":"Reconciling Workspace","Request.Namespace":"che-kube-admin-che-b00ysx","Request.Name":"spring-petclinic","devworkspace_id":"workspaceda378b76935b4bf6"}
{"level":"info","ts":1644239404.5848837,"logger":"controllers.DevWorkspace","msg":"Waiting on deployment to be ready","Request.Namespace":"che-kube-admin-che-b00ysx","Request.Name":"spring-petclinic","devworkspace_id":"workspaceda378b76935b4bf6"}
{"level":"info","ts":1644239409.598846,"logger":"controllers.DevWorkspace","msg":"Reconciling Workspace","Request.Namespace":"che-kube-admin-che-b00ysx","Request.Name":"spring-petclinic","devworkspace_id":"workspaceda378b76935b4bf6"}
{"level":"info","ts":1644239409.6435966,"logger":"controllers.DevWorkspace","msg":"Waiting on deployment to be ready","Request.Namespace":"che-kube-admin-che-b00ysx","Request.Name":"spring-petclinic","devworkspace_id":"workspaceda378b76935b4bf6"}
{"level":"info","ts":1644239414.6591544,"logger":"controllers.DevWorkspace","msg":"Reconciling Workspace","Request.Namespace":"che-kube-admin-che-b00ysx","Request.Name":"spring-petclinic","devworkspace_id":"workspaceda378b76935b4bf6"}
{"level":"info","ts":1644239414.7121334,"logger":"controllers.DevWorkspace","msg":"Waiting on deployment to be ready","Request.Namespace":"che-kube-admin-che-b00ysx","Request.Name":"spring-petclinic","devworkspace_id":"workspaceda378b76935b4bf6"}
{"level":"info","ts":1644239419.7263417,"logger":"controllers.DevWorkspace","msg":"Reconciling Workspace","Request.Namespace":"che-kube-admin-che-b00ysx","Request.Name":"spring-petclinic","devworkspace_id":"workspaceda378b76935b4bf6"}
{"level":"info","ts":1644239419.7702067,"logger":"controllers.DevWorkspace","msg":"Waiting on deployment to be ready","Request.Namespace":"che-kube-admin-che-b00ysx","Request.Name":"spring-petclinic","devworkspace_id":"workspaceda378b76935b4bf6"}
{"level":"info","ts":1644239424.7836773,"logger":"controllers.DevWorkspace","msg":"Reconciling Workspace","Request.Namespace":"che-kube-admin-che-b00ysx","Request.Name":"spring-petclinic","devworkspace_id":"workspaceda378b76935b4bf6"}
{"level":"info","ts":1644239424.8530493,"logger":"controllers.DevWorkspace","msg":"Waiting on deployment to be ready","Request.Namespace":"che-kube-admin-che-b00ysx","Request.Name":"spring-petclinic","devworkspace_id":"workspaceda378b76935b4bf6"}
{"level":"info","ts":1644239429.8683906,"logger":"controllers.DevWorkspace","msg":"Reconciling Workspace","Request.Namespace":"che-kube-admin-che-b00ysx","Request.Name":"spring-petclinic","devworkspace_id":"workspaceda378b76935b4bf6"}
{"level":"info","ts":1644239429.914659,"logger":"controllers.DevWorkspace","msg":"Waiting on deployment to be ready","Request.Namespace":"che-kube-admin-che-b00ysx","Request.Name":"spring-petclinic","devworkspace_id":"workspaceda378b76935b4bf6"}
{"level":"info","ts":1644239431.4114754,"logger":"controllers.DevWorkspace","msg":"Reconciling Workspace","Request.Namespace":"che-kube-admin-che-b00ysx","Request.Name":"spring-petclinic","devworkspace_id":"workspaceda378b76935b4bf6"}
{"level":"info","ts":1644239431.4769177,"logger":"controllers.DevWorkspace","msg":"Waiting on deployment to be ready","Request.Namespace":"che-kube-admin-che-b00ysx","Request.Name":"spring-petclinic","devworkspace_id":"workspaceda378b76935b4bf6"}
{"level":"info","ts":1644239431.4927416,"logger":"controllers.DevWorkspace","msg":"Reconciling Workspace","Request.Namespace":"che-kube-admin-che-b00ysx","Request.Name":"spring-petclinic","devworkspace_id":"workspaceda378b76935b4bf6"}
{"level":"info","ts":1644239434.7028236,"logger":"controllers.DevWorkspace","msg":"Reconciling Workspace","Request.Namespace":"che-kube-admin-che-b00ysx","Request.Name":"spring-petclinic","devworkspace_id":"workspaceda378b76935b4bf6"}
{"level":"info","ts":1644239434.819558,"logger":"controllers.DevWorkspace","msg":"Reconciling Workspace","Request.Namespace":"che-kube-admin-che-b00ysx","Request.Name":"spring-petclinic","devworkspace_id":"workspaceda378b76935b4bf6"}
{"level":"info","ts":1644239434.8393724,"logger":"controllers.DevWorkspace","msg":"Error updating workspace status: Operation cannot be fulfilled on devworkspaces.workspace.devfile.io \"spring-petclinic\": the object has been modified; please apply your changes to the latest version and try again","Request.Namespace":"che-kube-admin-che-b00ysx","Request.Name":"spring-petclinic","devworkspace_id":"workspaceda378b76935b4bf6"}
{"level":"error","ts":1644239434.8394263,"logger":"controller-runtime.manager.controller.devworkspace","msg":"Reconciler error","reconciler group":"workspace.devfile.io","reconciler kind":"DevWorkspace","name":"spring-petclinic","namespace":"che-kube-admin-che-b00ysx","error":"Operation cannot be fulfilled on devworkspaces.workspace.devfile.io \"spring-petclinic\": the object has been modified; please apply your changes to the latest version and try again","stacktrace":"sigs.k8s.io/controller-runtime/pkg/internal/controller.(*Controller).processNextWorkItem\n\t/go/pkg/mod/sigs.k8s.io/controller-runtime@v0.9.5/pkg/internal/controller/controller.go:253\nsigs.k8s.io/controller-runtime/pkg/internal/controller.(*Controller).Start.func2.2\n\t/go/pkg/mod/sigs.k8s.io/controller-runtime@v0.9.5/pkg/internal/controller/controller.go:214"}
{"level":"info","ts":1644239434.8398938,"logger":"controllers.DevWorkspace","msg":"Reconciling Workspace","Request.Namespace":"che-kube-admin-che-b00ysx","Request.Name":"spring-petclinic","devworkspace_id":"workspaceda378b76935b4bf6"}
{"level":"info","ts":1644239434.9125373,"logger":"controllers.DevWorkspace","msg":"Reconciling Workspace","Request.Namespace":"che-kube-admin-che-b00ysx","Request.Name":"spring-petclinic","devworkspace_id":"workspaceda378b76935b4bf6"}
{"level":"info","ts":1644239632.2831573,"logger":"controllers.DevWorkspace","msg":"Reconciling Workspace","Request.Namespace":"che-kube-admin-che-b00ysx","Request.Name":"spring-petclinic","devworkspace_id":"workspaceda378b76935b4bf6"}
{"level":"info","ts":1644239632.3689852,"logger":"controllers.DevWorkspace","msg":"Stopping workspace","Request.Namespace":"che-kube-admin-che-b00ysx","Request.Name":"spring-petclinic","devworkspace_id":"workspaceda378b76935b4bf6"}
{"level":"info","ts":1644239632.42065,"logger":"controllers.DevWorkspace","msg":"Reconciling Workspace","Request.Namespace":"che-kube-admin-che-b00ysx","Request.Name":"spring-petclinic","devworkspace_id":"workspaceda378b76935b4bf6"}
{"level":"info","ts":1644239632.4329963,"logger":"controllers.DevWorkspace","msg":"Got conflict when trying to apply timing annotations to workspace","Request.Namespace":"che-kube-admin-che-b00ysx","Request.Name":"spring-petclinic","devworkspace_id":"workspaceda378b76935b4bf6"}
{"level":"info","ts":1644239632.4541342,"logger":"controllers.DevWorkspace","msg":"Error updating workspace status: Operation cannot be fulfilled on devworkspaces.workspace.devfile.io \"spring-petclinic\": the object has been modified; please apply your changes to the latest version and try again","Request.Namespace":"che-kube-admin-che-b00ysx","Request.Name":"spring-petclinic","devworkspace_id":"workspaceda378b76935b4bf6"}
{"level":"error","ts":1644239632.4542332,"logger":"controller-runtime.manager.controller.devworkspace","msg":"Reconciler error","reconciler group":"workspace.devfile.io","reconciler kind":"DevWorkspace","name":"spring-petclinic","namespace":"che-kube-admin-che-b00ysx","error":"Operation cannot be fulfilled on devworkspaces.workspace.devfile.io \"spring-petclinic\": the object has been modified; please apply your changes to the latest version and try again","stacktrace":"sigs.k8s.io/controller-runtime/pkg/internal/controller.(*Controller).processNextWorkItem\n\t/go/pkg/mod/sigs.k8s.io/controller-runtime@v0.9.5/pkg/internal/controller/controller.go:253\nsigs.k8s.io/controller-runtime/pkg/internal/controller.(*Controller).Start.func2.2\n\t/go/pkg/mod/sigs.k8s.io/controller-runtime@v0.9.5/pkg/internal/controller/controller.go:214"}
{"level":"info","ts":1644239632.454492,"logger":"controllers.DevWorkspace","msg":"Reconciling Workspace","Request.Namespace":"che-kube-admin-che-b00ysx","Request.Name":"spring-petclinic","devworkspace_id":"workspaceda378b76935b4bf6"}
{"level":"info","ts":1644239632.498494,"logger":"controllers.DevWorkspace","msg":"Reconciling Workspace","Request.Namespace":"che-kube-admin-che-b00ysx","Request.Name":"spring-petclinic","devworkspace_id":"workspaceda378b76935b4bf6"}
{"level":"info","ts":1644239632.5466745,"logger":"controllers.DevWorkspace","msg":"Reconciling Workspace","Request.Namespace":"che-kube-admin-che-b00ysx","Request.Name":"spring-petclinic","devworkspace_id":"workspaceda378b76935b4bf6"}
{"level":"info","ts":1644239632.6389353,"logger":"controllers.DevWorkspace","msg":"Reconciling Workspace","Request.Namespace":"che-kube-admin-che-b00ysx","Request.Name":"spring-petclinic","devworkspace_id":"workspaceda378b76935b4bf6"}
{"level":"info","ts":1644239632.741059,"logger":"controllers.DevWorkspace","msg":"Reconciling Workspace","Request.Namespace":"che-kube-admin-che-b00ysx","Request.Name":"spring-petclinic","devworkspace_id":"workspaceda378b76935b4bf6"}
{"level":"info","ts":1644239643.3749666,"logger":"controllers.DevWorkspace","msg":"Reconciling Workspace","Request.Namespace":"che-kube-admin-che-b00ysx","Request.Name":"spring-petclinic","devworkspace_id":"workspaceda378b76935b4bf6"}
{"level":"info","ts":1644239643.9942334,"logger":"controllers.DevWorkspace","msg":"Reconciling Workspace","Request.Namespace":"che-kube-admin-che-b00ysx","Request.Name":"spring-petclinic","devworkspace_id":"workspaceda378b76935b4bf6"}
