{"level":"info","ts":1644251695.6795945,"logger":"setup","msg":"Operator Version: v0.13.0-dev"}
{"level":"info","ts":1644251695.6796305,"logger":"setup","msg":"Go Version: go1.16.12"}
{"level":"info","ts":1644251695.6796343,"logger":"setup","msg":"Go OS/Arch: linux/amd64"}
{"level":"info","ts":1644251695.6796372,"logger":"setup","msg":"Commit: d11532e40cd5d48aa3356b012e76530065f4ce28"}
{"level":"info","ts":1644251695.6796405,"logger":"setup","msg":"BuildTime: 2022-02-07T15:00:05Z"}
I0207 16:34:56.782634       1 request.go:668] Waited for 1.046784108s due to client-side throttling, not priority and fairness, request: GET:https://172.30.0.1:443/apis/org.eclipse.che/v1?timeout=32s
{"level":"info","ts":1644251706.845095,"logger":"controller-runtime.metrics","msg":"metrics server is starting to listen","addr":"127.0.0.1:8080"}
I0207 16:35:07.895972       1 request.go:668] Waited for 1.044585301s due to client-side throttling, not priority and fairness, request: GET:https://172.30.0.1:443/apis/security.openshift.io/v1?timeout=32s
{"level":"info","ts":1644251714.0524812,"logger":"controller_devworkspace_config","msg":"Searching for config map 'devworkspace-controller-configmap' in namespace 'openshift-operators'"}
{"level":"info","ts":1644251714.751086,"logger":"operator-configuration","msg":"Updated config to [(default config)]"}
I0207 16:35:18.750558       1 request.go:668] Waited for 1.044061517s due to client-side throttling, not priority and fairness, request: GET:https://172.30.0.1:443/apis/console.openshift.io/v1?timeout=32s
{"level":"info","ts":1644251721.9696558,"logger":"setup","msg":"setting up webhooks"}
{"level":"info","ts":1644251724.8233109,"logger":"webhook","msg":"Setting up the init webhooks configurations"}
{"level":"info","ts":1644251724.837614,"logger":"webhook","msg":"Mutating webhooks configuration controller.devfile.io already exists"}
{"level":"info","ts":1644251724.8415232,"logger":"webhook","msg":"Setting up the webhook server service account"}
{"level":"info","ts":1644251724.862684,"logger":"webhook","msg":"Webhook server service account up to date"}
{"level":"info","ts":1644251724.8627145,"logger":"webhook","msg":"Setting up the webhook server cluster roles"}
{"level":"info","ts":1644251725.0608828,"logger":"webhook","msg":"Updated webhook server cluster role"}
{"level":"info","ts":1644251725.0609143,"logger":"webhook","msg":"Setting up the webhook server cluster role binding"}
{"level":"info","ts":1644251725.6310244,"logger":"webhook","msg":"Updated webhook server cluster role binding"}
{"level":"info","ts":1644251725.6310635,"logger":"webhook","msg":"Setting up the OpenShift webhook server secure service"}
{"level":"info","ts":1644251725.6310692,"logger":"webhook","msg":"Injecting serving cert using the Service CA operator"}
{"level":"info","ts":1644251725.6310732,"logger":"webhook-openshift","msg":"Attempting to create the secure service"}
{"level":"info","ts":1644251725.6929433,"logger":"service","msg":"Updated webhook server service"}
{"level":"info","ts":1644251725.6929774,"logger":"webhook","msg":"Creating the webhook server deployment"}
{"level":"info","ts":1644251725.7267218,"logger":"webhook","msg":"Updated webhook server deployment"}
{"level":"info","ts":1644251725.726772,"logger":"controller-runtime.builder","msg":"skip registering a mutating webhook, admission.Defaulter interface is not implemented","GVK":"workspace.devfile.io/v1alpha1, Kind=DevWorkspace"}
{"level":"info","ts":1644251725.7267864,"logger":"controller-runtime.builder","msg":"skip registering a validating webhook, admission.Validator interface is not implemented","GVK":"workspace.devfile.io/v1alpha1, Kind=DevWorkspace"}
{"level":"info","ts":1644251725.726915,"logger":"controller-runtime.webhook","msg":"registering webhook","path":"/convert"}
{"level":"info","ts":1644251725.7269683,"logger":"controller-runtime.builder","msg":"conversion webhook enabled","object":{"name":""}}
{"level":"info","ts":1644251725.727017,"logger":"controller-runtime.builder","msg":"skip registering a mutating webhook, admission.Defaulter interface is not implemented","GVK":"workspace.devfile.io/v1alpha2, Kind=DevWorkspace"}
{"level":"info","ts":1644251725.7270262,"logger":"controller-runtime.builder","msg":"skip registering a validating webhook, admission.Validator interface is not implemented","GVK":"workspace.devfile.io/v1alpha2, Kind=DevWorkspace"}
{"level":"info","ts":1644251725.727056,"logger":"controller-runtime.builder","msg":"conversion webhook enabled","object":{"name":""}}
{"level":"info","ts":1644251725.7270799,"logger":"setup","msg":"starting manager"}
{"level":"info","ts":1644251725.727696,"logger":"controller-runtime.manager","msg":"starting metrics server","path":"/metrics"}
I0207 16:35:25.727723       1 leaderelection.go:243] attempting to acquire leader lease openshift-operators/8d217f93.devfile.io...
{"level":"info","ts":1644251725.7277527,"logger":"controller-runtime.webhook.webhooks","msg":"starting webhook server"}
{"level":"info","ts":1644251725.738955,"logger":"controller-runtime.certwatcher","msg":"Updated current TLS certificate"}
{"level":"info","ts":1644251725.7391078,"logger":"controller-runtime.webhook","msg":"serving webhook server","host":"","port":9443}
{"level":"info","ts":1644251725.739128,"logger":"controller-runtime.certwatcher","msg":"Starting certificate watcher"}
I0207 16:35:43.758857       1 leaderelection.go:253] successfully acquired lease openshift-operators/8d217f93.devfile.io
{"level":"info","ts":1644251743.759034,"logger":"controller-runtime.manager.controller.devworkspace","msg":"Starting EventSource","reconciler group":"workspace.devfile.io","reconciler kind":"DevWorkspace","source":"kind source: /, Kind="}
{"level":"info","ts":1644251743.7590878,"logger":"controller-runtime.manager.controller.devworkspace","msg":"Starting EventSource","reconciler group":"workspace.devfile.io","reconciler kind":"DevWorkspace","source":"kind source: /, Kind="}
{"level":"info","ts":1644251743.759095,"logger":"controller-runtime.manager.controller.devworkspace","msg":"Starting EventSource","reconciler group":"workspace.devfile.io","reconciler kind":"DevWorkspace","source":"kind source: /, Kind="}
{"level":"info","ts":1644251743.7591014,"logger":"controller-runtime.manager.controller.devworkspace","msg":"Starting EventSource","reconciler group":"workspace.devfile.io","reconciler kind":"DevWorkspace","source":"kind source: /, Kind="}
{"level":"info","ts":1644251743.7591083,"logger":"controller-runtime.manager.controller.devworkspace","msg":"Starting EventSource","reconciler group":"workspace.devfile.io","reconciler kind":"DevWorkspace","source":"kind source: /, Kind="}
{"level":"info","ts":1644251743.759115,"logger":"controller-runtime.manager.controller.devworkspace","msg":"Starting EventSource","reconciler group":"workspace.devfile.io","reconciler kind":"DevWorkspace","source":"kind source: /, Kind="}
{"level":"info","ts":1644251743.7591221,"logger":"controller-runtime.manager.controller.devworkspace","msg":"Starting EventSource","reconciler group":"workspace.devfile.io","reconciler kind":"DevWorkspace","source":"kind source: /, Kind="}
{"level":"info","ts":1644251743.75913,"logger":"controller-runtime.manager.controller.devworkspace","msg":"Starting EventSource","reconciler group":"workspace.devfile.io","reconciler kind":"DevWorkspace","source":"kind source: /, Kind="}
{"level":"info","ts":1644251743.759137,"logger":"controller-runtime.manager.controller.devworkspace","msg":"Starting EventSource","reconciler group":"workspace.devfile.io","reconciler kind":"DevWorkspace","source":"kind source: /, Kind="}
{"level":"info","ts":1644251743.7591462,"logger":"controller-runtime.manager.controller.devworkspace","msg":"Starting EventSource","reconciler group":"workspace.devfile.io","reconciler kind":"DevWorkspace","source":"kind source: /, Kind="}
{"level":"info","ts":1644251743.7591536,"logger":"controller-runtime.manager.controller.devworkspace","msg":"Starting Controller","reconciler group":"workspace.devfile.io","reconciler kind":"DevWorkspace"}
{"level":"info","ts":1644251743.7591534,"logger":"controller-runtime.manager.controller.devworkspacerouting","msg":"Starting EventSource","reconciler group":"controller.devfile.io","reconciler kind":"DevWorkspaceRouting","source":"kind source: /, Kind="}
{"level":"info","ts":1644251743.7592185,"logger":"controller-runtime.manager.controller.devworkspacerouting","msg":"Starting EventSource","reconciler group":"controller.devfile.io","reconciler kind":"DevWorkspaceRouting","source":"kind source: /, Kind="}
{"level":"info","ts":1644251743.759226,"logger":"controller-runtime.manager.controller.devworkspacerouting","msg":"Starting EventSource","reconciler group":"controller.devfile.io","reconciler kind":"DevWorkspaceRouting","source":"kind source: /, Kind="}
{"level":"info","ts":1644251743.759235,"logger":"controller-runtime.manager.controller.devworkspacerouting","msg":"Starting EventSource","reconciler group":"controller.devfile.io","reconciler kind":"DevWorkspaceRouting","source":"kind source: /, Kind="}
{"level":"info","ts":1644251743.7592428,"logger":"controller-runtime.manager.controller.devworkspacerouting","msg":"Starting Controller","reconciler group":"controller.devfile.io","reconciler kind":"DevWorkspaceRouting"}
I0207 16:35:44.812234       1 request.go:668] Waited for 1.04628892s due to client-side throttling, not priority and fairness, request: GET:https://172.30.0.1:443/apis/autoscaling.openshift.io/v1beta1?timeout=32s
{"level":"info","ts":1644251746.712159,"logger":"controller-runtime.manager.controller.devworkspacerouting","msg":"Starting workers","reconciler group":"controller.devfile.io","reconciler kind":"DevWorkspaceRouting","worker count":5}
{"level":"info","ts":1644251746.7122233,"logger":"controller-runtime.manager.controller.devworkspace","msg":"Starting workers","reconciler group":"workspace.devfile.io","reconciler kind":"DevWorkspace","worker count":5}
{"level":"info","ts":1644271745.933626,"logger":"controllers.DevWorkspace","msg":"Reconciling Workspace","Request.Namespace":"opentlc-mgr-che","Request.Name":"spring-petclinic","devworkspace_id":""}
{"level":"info","ts":1644271745.9566555,"logger":"controllers.DevWorkspace","msg":"Reconciling Workspace","Request.Namespace":"opentlc-mgr-che","Request.Name":"spring-petclinic","devworkspace_id":"workspaceedb7032799474c68"}
{"level":"info","ts":1644271745.968808,"logger":"controllers.DevWorkspace","msg":"Reconciling Workspace","Request.Namespace":"opentlc-mgr-che","Request.Name":"spring-petclinic","devworkspace_id":"workspaceedb7032799474c68"}
{"level":"info","ts":1644271746.254671,"logger":"controllers.DevWorkspace","msg":"Created object","Request.Namespace":"opentlc-mgr-che","Request.Name":"spring-petclinic","kind":"v1.Role","name":"workspace"}
{"level":"info","ts":1644271746.4427302,"logger":"controllers.DevWorkspace","msg":"Created object","Request.Namespace":"opentlc-mgr-che","Request.Name":"spring-petclinic","kind":"v1.RoleBinding","name":"devworkspacedw"}
{"level":"info","ts":1644271746.4514766,"logger":"controllers.DevWorkspace","msg":"Error updating workspace status: Operation cannot be fulfilled on devworkspaces.workspace.devfile.io \"spring-petclinic\": the object has been modified; please apply your changes to the latest version and try again","Request.Namespace":"opentlc-mgr-che","Request.Name":"spring-petclinic","devworkspace_id":"workspaceedb7032799474c68"}
{"level":"info","ts":1644271746.4516156,"logger":"controllers.DevWorkspace","msg":"Reconciling Workspace","Request.Namespace":"opentlc-mgr-che","Request.Name":"spring-petclinic","devworkspace_id":"workspaceedb7032799474c68"}
{"level":"info","ts":1644271746.5071445,"logger":"controllers.DevWorkspace","msg":"Created object","Request.Namespace":"opentlc-mgr-che","Request.Name":"spring-petclinic","kind":"v1.PersistentVolumeClaim","name":"claim-devworkspace"}
{"level":"info","ts":1644271746.5071957,"logger":"controllers.DevWorkspace","msg":"Updated common PVC on cluster","Request.Namespace":"opentlc-mgr-che","Request.Name":"spring-petclinic","devworkspace_id":"workspaceedb7032799474c68"}
{"level":"info","ts":1644271746.5224588,"logger":"controllers.DevWorkspace","msg":"Reconciling Workspace","Request.Namespace":"opentlc-mgr-che","Request.Name":"spring-petclinic","devworkspace_id":"workspaceedb7032799474c68"}
{"level":"info","ts":1644271746.552579,"logger":"controllers.DevWorkspace","msg":"Error updating workspace status: Operation cannot be fulfilled on devworkspaces.workspace.devfile.io \"spring-petclinic\": the object has been modified; please apply your changes to the latest version and try again","Request.Namespace":"opentlc-mgr-che","Request.Name":"spring-petclinic","devworkspace_id":"workspaceedb7032799474c68"}
{"level":"error","ts":1644271746.5526452,"logger":"controller-runtime.manager.controller.devworkspace","msg":"Reconciler error","reconciler group":"workspace.devfile.io","reconciler kind":"DevWorkspace","name":"spring-petclinic","namespace":"opentlc-mgr-che","error":"Operation cannot be fulfilled on devworkspaces.workspace.devfile.io \"spring-petclinic\": the object has been modified; please apply your changes to the latest version and try again","stacktrace":"sigs.k8s.io/controller-runtime/pkg/internal/controller.(*Controller).processNextWorkItem\n\t/go/pkg/mod/sigs.k8s.io/controller-runtime@v0.9.5/pkg/internal/controller/controller.go:253\nsigs.k8s.io/controller-runtime/pkg/internal/controller.(*Controller).Start.func2.2\n\t/go/pkg/mod/sigs.k8s.io/controller-runtime@v0.9.5/pkg/internal/controller/controller.go:214"}
{"level":"info","ts":1644271746.5527515,"logger":"controllers.DevWorkspace","msg":"Reconciling Workspace","Request.Namespace":"opentlc-mgr-che","Request.Name":"spring-petclinic","devworkspace_id":"workspaceedb7032799474c68"}
{"level":"info","ts":1644271746.6140985,"logger":"controllers.DevWorkspace","msg":"Created object","Request.Namespace":"opentlc-mgr-che","Request.Name":"spring-petclinic","kind":"v1alpha1.DevWorkspaceRouting","name":"routing-workspaceedb7032799474c68"}
{"level":"info","ts":1644271746.6141493,"logger":"controllers.DevWorkspace","msg":"Waiting on routing to be ready","Request.Namespace":"opentlc-mgr-che","Request.Name":"spring-petclinic","devworkspace_id":"workspaceedb7032799474c68"}
{"level":"info","ts":1644271746.6285808,"logger":"controllers.DevWorkspace","msg":"Reconciling Workspace","Request.Namespace":"opentlc-mgr-che","Request.Name":"spring-petclinic","devworkspace_id":"workspaceedb7032799474c68"}
{"level":"info","ts":1644271746.6517506,"logger":"controllers.DevWorkspace","msg":"Error updating workspace status: Operation cannot be fulfilled on devworkspaces.workspace.devfile.io \"spring-petclinic\": the object has been modified; please apply your changes to the latest version and try again","Request.Namespace":"opentlc-mgr-che","Request.Name":"spring-petclinic","devworkspace_id":"workspaceedb7032799474c68"}
{"level":"error","ts":1644271746.6518157,"logger":"controller-runtime.manager.controller.devworkspace","msg":"Reconciler error","reconciler group":"workspace.devfile.io","reconciler kind":"DevWorkspace","name":"spring-petclinic","namespace":"opentlc-mgr-che","error":"Operation cannot be fulfilled on devworkspaces.workspace.devfile.io \"spring-petclinic\": the object has been modified; please apply your changes to the latest version and try again","stacktrace":"sigs.k8s.io/controller-runtime/pkg/internal/controller.(*Controller).processNextWorkItem\n\t/go/pkg/mod/sigs.k8s.io/controller-runtime@v0.9.5/pkg/internal/controller/controller.go:253\nsigs.k8s.io/controller-runtime/pkg/internal/controller.(*Controller).Start.func2.2\n\t/go/pkg/mod/sigs.k8s.io/controller-runtime@v0.9.5/pkg/internal/controller/controller.go:214"}
{"level":"info","ts":1644271746.6519206,"logger":"controllers.DevWorkspace","msg":"Reconciling Workspace","Request.Namespace":"opentlc-mgr-che","Request.Name":"spring-petclinic","devworkspace_id":"workspaceedb7032799474c68"}
{"level":"info","ts":1644271746.6741576,"logger":"controllers.DevWorkspace","msg":"Waiting on routing to be ready","Request.Namespace":"opentlc-mgr-che","Request.Name":"spring-petclinic","devworkspace_id":"workspaceedb7032799474c68"}
{"level":"info","ts":1644271746.686864,"logger":"controllers.DevWorkspace","msg":"Reconciling Workspace","Request.Namespace":"opentlc-mgr-che","Request.Name":"spring-petclinic","devworkspace_id":"workspaceedb7032799474c68"}
{"level":"info","ts":1644271746.7084196,"logger":"controllers.DevWorkspace","msg":"Waiting on routing to be ready","Request.Namespace":"opentlc-mgr-che","Request.Name":"spring-petclinic","devworkspace_id":"workspaceedb7032799474c68"}
{"level":"info","ts":1644271751.6879852,"logger":"controllers.DevWorkspace","msg":"Reconciling Workspace","Request.Namespace":"opentlc-mgr-che","Request.Name":"spring-petclinic","devworkspace_id":"workspaceedb7032799474c68"}
{"level":"info","ts":1644271751.7099028,"logger":"controllers.DevWorkspace","msg":"Waiting on routing to be ready","Request.Namespace":"opentlc-mgr-che","Request.Name":"spring-petclinic","devworkspace_id":"workspaceedb7032799474c68"}
{"level":"info","ts":1644271756.722848,"logger":"controllers.DevWorkspace","msg":"Reconciling Workspace","Request.Namespace":"opentlc-mgr-che","Request.Name":"spring-petclinic","devworkspace_id":"workspaceedb7032799474c68"}
{"level":"info","ts":1644271756.7442815,"logger":"controllers.DevWorkspace","msg":"Waiting on routing to be ready","Request.Namespace":"opentlc-mgr-che","Request.Name":"spring-petclinic","devworkspace_id":"workspaceedb7032799474c68"}
{"level":"info","ts":1644271761.756657,"logger":"controllers.DevWorkspace","msg":"Reconciling Workspace","Request.Namespace":"opentlc-mgr-che","Request.Name":"spring-petclinic","devworkspace_id":"workspaceedb7032799474c68"}
{"level":"info","ts":1644271761.7769792,"logger":"controllers.DevWorkspace","msg":"Waiting on routing to be ready","Request.Namespace":"opentlc-mgr-che","Request.Name":"spring-petclinic","devworkspace_id":"workspaceedb7032799474c68"}
{"level":"info","ts":1644271766.790147,"logger":"controllers.DevWorkspace","msg":"Reconciling Workspace","Request.Namespace":"opentlc-mgr-che","Request.Name":"spring-petclinic","devworkspace_id":"workspaceedb7032799474c68"}
{"level":"info","ts":1644271766.814669,"logger":"controllers.DevWorkspace","msg":"Waiting on routing to be ready","Request.Namespace":"opentlc-mgr-che","Request.Name":"spring-petclinic","devworkspace_id":"workspaceedb7032799474c68"}
{"level":"info","ts":1644271771.828801,"logger":"controllers.DevWorkspace","msg":"Reconciling Workspace","Request.Namespace":"opentlc-mgr-che","Request.Name":"spring-petclinic","devworkspace_id":"workspaceedb7032799474c68"}
{"level":"info","ts":1644271771.8500054,"logger":"controllers.DevWorkspace","msg":"Waiting on routing to be ready","Request.Namespace":"opentlc-mgr-che","Request.Name":"spring-petclinic","devworkspace_id":"workspaceedb7032799474c68"}
{"level":"info","ts":1644271776.8655012,"logger":"controllers.DevWorkspace","msg":"Reconciling Workspace","Request.Namespace":"opentlc-mgr-che","Request.Name":"spring-petclinic","devworkspace_id":"workspaceedb7032799474c68"}
{"level":"info","ts":1644271776.886264,"logger":"controllers.DevWorkspace","msg":"Waiting on routing to be ready","Request.Namespace":"opentlc-mgr-che","Request.Name":"spring-petclinic","devworkspace_id":"workspaceedb7032799474c68"}
{"level":"info","ts":1644271781.9027452,"logger":"controllers.DevWorkspace","msg":"Reconciling Workspace","Request.Namespace":"opentlc-mgr-che","Request.Name":"spring-petclinic","devworkspace_id":"workspaceedb7032799474c68"}
{"level":"info","ts":1644271781.9312482,"logger":"controllers.DevWorkspace","msg":"Waiting on routing to be ready","Request.Namespace":"opentlc-mgr-che","Request.Name":"spring-petclinic","devworkspace_id":"workspaceedb7032799474c68"}
{"level":"info","ts":1644271786.9442124,"logger":"controllers.DevWorkspace","msg":"Reconciling Workspace","Request.Namespace":"opentlc-mgr-che","Request.Name":"spring-petclinic","devworkspace_id":"workspaceedb7032799474c68"}
{"level":"info","ts":1644271786.9667835,"logger":"controllers.DevWorkspace","msg":"Waiting on routing to be ready","Request.Namespace":"opentlc-mgr-che","Request.Name":"spring-petclinic","devworkspace_id":"workspaceedb7032799474c68"}
{"level":"info","ts":1644271791.9805608,"logger":"controllers.DevWorkspace","msg":"Reconciling Workspace","Request.Namespace":"opentlc-mgr-che","Request.Name":"spring-petclinic","devworkspace_id":"workspaceedb7032799474c68"}
{"level":"info","ts":1644271792.0008128,"logger":"controllers.DevWorkspace","msg":"Waiting on routing to be ready","Request.Namespace":"opentlc-mgr-che","Request.Name":"spring-petclinic","devworkspace_id":"workspaceedb7032799474c68"}
{"level":"info","ts":1644271797.0150151,"logger":"controllers.DevWorkspace","msg":"Reconciling Workspace","Request.Namespace":"opentlc-mgr-che","Request.Name":"spring-petclinic","devworkspace_id":"workspaceedb7032799474c68"}
{"level":"info","ts":1644271797.0366313,"logger":"controllers.DevWorkspace","msg":"Waiting on routing to be ready","Request.Namespace":"opentlc-mgr-che","Request.Name":"spring-petclinic","devworkspace_id":"workspaceedb7032799474c68"}
{"level":"info","ts":1644271802.0501025,"logger":"controllers.DevWorkspace","msg":"Reconciling Workspace","Request.Namespace":"opentlc-mgr-che","Request.Name":"spring-petclinic","devworkspace_id":"workspaceedb7032799474c68"}
{"level":"info","ts":1644271802.0723572,"logger":"controllers.DevWorkspace","msg":"Waiting on routing to be ready","Request.Namespace":"opentlc-mgr-che","Request.Name":"spring-petclinic","devworkspace_id":"workspaceedb7032799474c68"}
{"level":"info","ts":1644271807.0860782,"logger":"controllers.DevWorkspace","msg":"Reconciling Workspace","Request.Namespace":"opentlc-mgr-che","Request.Name":"spring-petclinic","devworkspace_id":"workspaceedb7032799474c68"}
{"level":"info","ts":1644271807.1066575,"logger":"controllers.DevWorkspace","msg":"Waiting on routing to be ready","Request.Namespace":"opentlc-mgr-che","Request.Name":"spring-petclinic","devworkspace_id":"workspaceedb7032799474c68"}
{"level":"info","ts":1644271812.119472,"logger":"controllers.DevWorkspace","msg":"Reconciling Workspace","Request.Namespace":"opentlc-mgr-che","Request.Name":"spring-petclinic","devworkspace_id":"workspaceedb7032799474c68"}
{"level":"info","ts":1644271812.1409357,"logger":"controllers.DevWorkspace","msg":"Waiting on routing to be ready","Request.Namespace":"opentlc-mgr-che","Request.Name":"spring-petclinic","devworkspace_id":"workspaceedb7032799474c68"}
{"level":"info","ts":1644271817.1552167,"logger":"controllers.DevWorkspace","msg":"Reconciling Workspace","Request.Namespace":"opentlc-mgr-che","Request.Name":"spring-petclinic","devworkspace_id":"workspaceedb7032799474c68"}
{"level":"info","ts":1644271817.1820548,"logger":"controllers.DevWorkspace","msg":"Waiting on routing to be ready","Request.Namespace":"opentlc-mgr-che","Request.Name":"spring-petclinic","devworkspace_id":"workspaceedb7032799474c68"}
{"level":"info","ts":1644271822.195753,"logger":"controllers.DevWorkspace","msg":"Reconciling Workspace","Request.Namespace":"opentlc-mgr-che","Request.Name":"spring-petclinic","devworkspace_id":"workspaceedb7032799474c68"}
{"level":"info","ts":1644271822.2171147,"logger":"controllers.DevWorkspace","msg":"Waiting on routing to be ready","Request.Namespace":"opentlc-mgr-che","Request.Name":"spring-petclinic","devworkspace_id":"workspaceedb7032799474c68"}
{"level":"info","ts":1644271827.2315664,"logger":"controllers.DevWorkspace","msg":"Reconciling Workspace","Request.Namespace":"opentlc-mgr-che","Request.Name":"spring-petclinic","devworkspace_id":"workspaceedb7032799474c68"}
{"level":"info","ts":1644271827.2518594,"logger":"controllers.DevWorkspace","msg":"Waiting on routing to be ready","Request.Namespace":"opentlc-mgr-che","Request.Name":"spring-petclinic","devworkspace_id":"workspaceedb7032799474c68"}
{"level":"info","ts":1644271832.2643516,"logger":"controllers.DevWorkspace","msg":"Reconciling Workspace","Request.Namespace":"opentlc-mgr-che","Request.Name":"spring-petclinic","devworkspace_id":"workspaceedb7032799474c68"}
{"level":"info","ts":1644271832.285353,"logger":"controllers.DevWorkspace","msg":"Waiting on routing to be ready","Request.Namespace":"opentlc-mgr-che","Request.Name":"spring-petclinic","devworkspace_id":"workspaceedb7032799474c68"}
{"level":"info","ts":1644271837.299795,"logger":"controllers.DevWorkspace","msg":"Reconciling Workspace","Request.Namespace":"opentlc-mgr-che","Request.Name":"spring-petclinic","devworkspace_id":"workspaceedb7032799474c68"}
{"level":"info","ts":1644271837.320363,"logger":"controllers.DevWorkspace","msg":"Waiting on routing to be ready","Request.Namespace":"opentlc-mgr-che","Request.Name":"spring-petclinic","devworkspace_id":"workspaceedb7032799474c68"}
{"level":"info","ts":1644271842.3376431,"logger":"controllers.DevWorkspace","msg":"Reconciling Workspace","Request.Namespace":"opentlc-mgr-che","Request.Name":"spring-petclinic","devworkspace_id":"workspaceedb7032799474c68"}
{"level":"info","ts":1644271842.3693678,"logger":"controllers.DevWorkspace","msg":"Waiting on routing to be ready","Request.Namespace":"opentlc-mgr-che","Request.Name":"spring-petclinic","devworkspace_id":"workspaceedb7032799474c68"}
{"level":"info","ts":1644271847.3837647,"logger":"controllers.DevWorkspace","msg":"Reconciling Workspace","Request.Namespace":"opentlc-mgr-che","Request.Name":"spring-petclinic","devworkspace_id":"workspaceedb7032799474c68"}
{"level":"info","ts":1644271847.4044483,"logger":"controllers.DevWorkspace","msg":"Waiting on routing to be ready","Request.Namespace":"opentlc-mgr-che","Request.Name":"spring-petclinic","devworkspace_id":"workspaceedb7032799474c68"}
{"level":"info","ts":1644271852.418457,"logger":"controllers.DevWorkspace","msg":"Reconciling Workspace","Request.Namespace":"opentlc-mgr-che","Request.Name":"spring-petclinic","devworkspace_id":"workspaceedb7032799474c68"}
{"level":"info","ts":1644271852.4407969,"logger":"controllers.DevWorkspace","msg":"Waiting on routing to be ready","Request.Namespace":"opentlc-mgr-che","Request.Name":"spring-petclinic","devworkspace_id":"workspaceedb7032799474c68"}
{"level":"info","ts":1644271857.454759,"logger":"controllers.DevWorkspace","msg":"Reconciling Workspace","Request.Namespace":"opentlc-mgr-che","Request.Name":"spring-petclinic","devworkspace_id":"workspaceedb7032799474c68"}
{"level":"info","ts":1644271857.4762585,"logger":"controllers.DevWorkspace","msg":"Waiting on routing to be ready","Request.Namespace":"opentlc-mgr-che","Request.Name":"spring-petclinic","devworkspace_id":"workspaceedb7032799474c68"}
{"level":"info","ts":1644271862.4949095,"logger":"controllers.DevWorkspace","msg":"Reconciling Workspace","Request.Namespace":"opentlc-mgr-che","Request.Name":"spring-petclinic","devworkspace_id":"workspaceedb7032799474c68"}
{"level":"info","ts":1644271862.518742,"logger":"controllers.DevWorkspace","msg":"Waiting on routing to be ready","Request.Namespace":"opentlc-mgr-che","Request.Name":"spring-petclinic","devworkspace_id":"workspaceedb7032799474c68"}
{"level":"info","ts":1644271867.5326953,"logger":"controllers.DevWorkspace","msg":"Reconciling Workspace","Request.Namespace":"opentlc-mgr-che","Request.Name":"spring-petclinic","devworkspace_id":"workspaceedb7032799474c68"}
{"level":"info","ts":1644271867.5530114,"logger":"controllers.DevWorkspace","msg":"Waiting on routing to be ready","Request.Namespace":"opentlc-mgr-che","Request.Name":"spring-petclinic","devworkspace_id":"workspaceedb7032799474c68"}
{"level":"info","ts":1644271872.5663311,"logger":"controllers.DevWorkspace","msg":"Reconciling Workspace","Request.Namespace":"opentlc-mgr-che","Request.Name":"spring-petclinic","devworkspace_id":"workspaceedb7032799474c68"}
{"level":"info","ts":1644271872.587521,"logger":"controllers.DevWorkspace","msg":"Waiting on routing to be ready","Request.Namespace":"opentlc-mgr-che","Request.Name":"spring-petclinic","devworkspace_id":"workspaceedb7032799474c68"}
{"level":"info","ts":1644271877.6016212,"logger":"controllers.DevWorkspace","msg":"Reconciling Workspace","Request.Namespace":"opentlc-mgr-che","Request.Name":"spring-petclinic","devworkspace_id":"workspaceedb7032799474c68"}
{"level":"info","ts":1644271877.6219196,"logger":"controllers.DevWorkspace","msg":"Waiting on routing to be ready","Request.Namespace":"opentlc-mgr-che","Request.Name":"spring-petclinic","devworkspace_id":"workspaceedb7032799474c68"}
{"level":"info","ts":1644271882.6362555,"logger":"controllers.DevWorkspace","msg":"Reconciling Workspace","Request.Namespace":"opentlc-mgr-che","Request.Name":"spring-petclinic","devworkspace_id":"workspaceedb7032799474c68"}
{"level":"info","ts":1644271882.6585789,"logger":"controllers.DevWorkspace","msg":"Waiting on routing to be ready","Request.Namespace":"opentlc-mgr-che","Request.Name":"spring-petclinic","devworkspace_id":"workspaceedb7032799474c68"}
{"level":"info","ts":1644271887.6727188,"logger":"controllers.DevWorkspace","msg":"Reconciling Workspace","Request.Namespace":"opentlc-mgr-che","Request.Name":"spring-petclinic","devworkspace_id":"workspaceedb7032799474c68"}
{"level":"info","ts":1644271887.6936605,"logger":"controllers.DevWorkspace","msg":"Waiting on routing to be ready","Request.Namespace":"opentlc-mgr-che","Request.Name":"spring-petclinic","devworkspace_id":"workspaceedb7032799474c68"}
{"level":"info","ts":1644271892.7080283,"logger":"controllers.DevWorkspace","msg":"Reconciling Workspace","Request.Namespace":"opentlc-mgr-che","Request.Name":"spring-petclinic","devworkspace_id":"workspaceedb7032799474c68"}
{"level":"info","ts":1644271892.729857,"logger":"controllers.DevWorkspace","msg":"Waiting on routing to be ready","Request.Namespace":"opentlc-mgr-che","Request.Name":"spring-petclinic","devworkspace_id":"workspaceedb7032799474c68"}
{"level":"info","ts":1644271897.743391,"logger":"controllers.DevWorkspace","msg":"Reconciling Workspace","Request.Namespace":"opentlc-mgr-che","Request.Name":"spring-petclinic","devworkspace_id":"workspaceedb7032799474c68"}
{"level":"info","ts":1644271897.764627,"logger":"controllers.DevWorkspace","msg":"Waiting on routing to be ready","Request.Namespace":"opentlc-mgr-che","Request.Name":"spring-petclinic","devworkspace_id":"workspaceedb7032799474c68"}
{"level":"info","ts":1644271902.7783887,"logger":"controllers.DevWorkspace","msg":"Reconciling Workspace","Request.Namespace":"opentlc-mgr-che","Request.Name":"spring-petclinic","devworkspace_id":"workspaceedb7032799474c68"}
{"level":"info","ts":1644271902.8016162,"logger":"controllers.DevWorkspace","msg":"Waiting on routing to be ready","Request.Namespace":"opentlc-mgr-che","Request.Name":"spring-petclinic","devworkspace_id":"workspaceedb7032799474c68"}
{"level":"info","ts":1644271907.8152583,"logger":"controllers.DevWorkspace","msg":"Reconciling Workspace","Request.Namespace":"opentlc-mgr-che","Request.Name":"spring-petclinic","devworkspace_id":"workspaceedb7032799474c68"}
{"level":"info","ts":1644271907.8383198,"logger":"controllers.DevWorkspace","msg":"Waiting on routing to be ready","Request.Namespace":"opentlc-mgr-che","Request.Name":"spring-petclinic","devworkspace_id":"workspaceedb7032799474c68"}
{"level":"info","ts":1644271912.8540413,"logger":"controllers.DevWorkspace","msg":"Reconciling Workspace","Request.Namespace":"opentlc-mgr-che","Request.Name":"spring-petclinic","devworkspace_id":"workspaceedb7032799474c68"}
{"level":"info","ts":1644271912.874281,"logger":"controllers.DevWorkspace","msg":"Waiting on routing to be ready","Request.Namespace":"opentlc-mgr-che","Request.Name":"spring-petclinic","devworkspace_id":"workspaceedb7032799474c68"}
{"level":"info","ts":1644271917.8864212,"logger":"controllers.DevWorkspace","msg":"Reconciling Workspace","Request.Namespace":"opentlc-mgr-che","Request.Name":"spring-petclinic","devworkspace_id":"workspaceedb7032799474c68"}
{"level":"info","ts":1644271917.9063032,"logger":"controllers.DevWorkspace","msg":"Waiting on routing to be ready","Request.Namespace":"opentlc-mgr-che","Request.Name":"spring-petclinic","devworkspace_id":"workspaceedb7032799474c68"}
{"level":"info","ts":1644271922.919892,"logger":"controllers.DevWorkspace","msg":"Reconciling Workspace","Request.Namespace":"opentlc-mgr-che","Request.Name":"spring-petclinic","devworkspace_id":"workspaceedb7032799474c68"}
{"level":"info","ts":1644271922.9424324,"logger":"controllers.DevWorkspace","msg":"Waiting on routing to be ready","Request.Namespace":"opentlc-mgr-che","Request.Name":"spring-petclinic","devworkspace_id":"workspaceedb7032799474c68"}
{"level":"info","ts":1644271927.9578583,"logger":"controllers.DevWorkspace","msg":"Reconciling Workspace","Request.Namespace":"opentlc-mgr-che","Request.Name":"spring-petclinic","devworkspace_id":"workspaceedb7032799474c68"}
{"level":"info","ts":1644271927.9779131,"logger":"controllers.DevWorkspace","msg":"Waiting on routing to be ready","Request.Namespace":"opentlc-mgr-che","Request.Name":"spring-petclinic","devworkspace_id":"workspaceedb7032799474c68"}
{"level":"info","ts":1644271932.991652,"logger":"controllers.DevWorkspace","msg":"Reconciling Workspace","Request.Namespace":"opentlc-mgr-che","Request.Name":"spring-petclinic","devworkspace_id":"workspaceedb7032799474c68"}
{"level":"info","ts":1644271933.0139937,"logger":"controllers.DevWorkspace","msg":"Waiting on routing to be ready","Request.Namespace":"opentlc-mgr-che","Request.Name":"spring-petclinic","devworkspace_id":"workspaceedb7032799474c68"}
{"level":"info","ts":1644271938.0287948,"logger":"controllers.DevWorkspace","msg":"Reconciling Workspace","Request.Namespace":"opentlc-mgr-che","Request.Name":"spring-petclinic","devworkspace_id":"workspaceedb7032799474c68"}
{"level":"info","ts":1644271938.0525389,"logger":"controllers.DevWorkspace","msg":"Waiting on routing to be ready","Request.Namespace":"opentlc-mgr-che","Request.Name":"spring-petclinic","devworkspace_id":"workspaceedb7032799474c68"}
{"level":"info","ts":1644271943.0665362,"logger":"controllers.DevWorkspace","msg":"Reconciling Workspace","Request.Namespace":"opentlc-mgr-che","Request.Name":"spring-petclinic","devworkspace_id":"workspaceedb7032799474c68"}
{"level":"info","ts":1644271943.0875642,"logger":"controllers.DevWorkspace","msg":"Waiting on routing to be ready","Request.Namespace":"opentlc-mgr-che","Request.Name":"spring-petclinic","devworkspace_id":"workspaceedb7032799474c68"}
{"level":"info","ts":1644271948.0999198,"logger":"controllers.DevWorkspace","msg":"Reconciling Workspace","Request.Namespace":"opentlc-mgr-che","Request.Name":"spring-petclinic","devworkspace_id":"workspaceedb7032799474c68"}
{"level":"info","ts":1644271948.1209252,"logger":"controllers.DevWorkspace","msg":"Waiting on routing to be ready","Request.Namespace":"opentlc-mgr-che","Request.Name":"spring-petclinic","devworkspace_id":"workspaceedb7032799474c68"}
{"level":"info","ts":1644271953.134161,"logger":"controllers.DevWorkspace","msg":"Reconciling Workspace","Request.Namespace":"opentlc-mgr-che","Request.Name":"spring-petclinic","devworkspace_id":"workspaceedb7032799474c68"}
{"level":"info","ts":1644271953.1554987,"logger":"controllers.DevWorkspace","msg":"Waiting on routing to be ready","Request.Namespace":"opentlc-mgr-che","Request.Name":"spring-petclinic","devworkspace_id":"workspaceedb7032799474c68"}
{"level":"info","ts":1644271958.1693757,"logger":"controllers.DevWorkspace","msg":"Reconciling Workspace","Request.Namespace":"opentlc-mgr-che","Request.Name":"spring-petclinic","devworkspace_id":"workspaceedb7032799474c68"}
{"level":"info","ts":1644271958.1904662,"logger":"controllers.DevWorkspace","msg":"Waiting on routing to be ready","Request.Namespace":"opentlc-mgr-che","Request.Name":"spring-petclinic","devworkspace_id":"workspaceedb7032799474c68"}
{"level":"info","ts":1644271963.2038987,"logger":"controllers.DevWorkspace","msg":"Reconciling Workspace","Request.Namespace":"opentlc-mgr-che","Request.Name":"spring-petclinic","devworkspace_id":"workspaceedb7032799474c68"}
{"level":"info","ts":1644271963.2256105,"logger":"controllers.DevWorkspace","msg":"Waiting on routing to be ready","Request.Namespace":"opentlc-mgr-che","Request.Name":"spring-petclinic","devworkspace_id":"workspaceedb7032799474c68"}
{"level":"info","ts":1644271968.239374,"logger":"controllers.DevWorkspace","msg":"Reconciling Workspace","Request.Namespace":"opentlc-mgr-che","Request.Name":"spring-petclinic","devworkspace_id":"workspaceedb7032799474c68"}
{"level":"info","ts":1644271968.2602832,"logger":"controllers.DevWorkspace","msg":"Waiting on routing to be ready","Request.Namespace":"opentlc-mgr-che","Request.Name":"spring-petclinic","devworkspace_id":"workspaceedb7032799474c68"}
{"level":"info","ts":1644271973.273871,"logger":"controllers.DevWorkspace","msg":"Reconciling Workspace","Request.Namespace":"opentlc-mgr-che","Request.Name":"spring-petclinic","devworkspace_id":"workspaceedb7032799474c68"}
{"level":"info","ts":1644271973.2966764,"logger":"controllers.DevWorkspace","msg":"Waiting on routing to be ready","Request.Namespace":"opentlc-mgr-che","Request.Name":"spring-petclinic","devworkspace_id":"workspaceedb7032799474c68"}
{"level":"info","ts":1644271978.3095317,"logger":"controllers.DevWorkspace","msg":"Reconciling Workspace","Request.Namespace":"opentlc-mgr-che","Request.Name":"spring-petclinic","devworkspace_id":"workspaceedb7032799474c68"}
{"level":"info","ts":1644271978.3311126,"logger":"controllers.DevWorkspace","msg":"Waiting on routing to be ready","Request.Namespace":"opentlc-mgr-che","Request.Name":"spring-petclinic","devworkspace_id":"workspaceedb7032799474c68"}
{"level":"info","ts":1644271983.3443828,"logger":"controllers.DevWorkspace","msg":"Reconciling Workspace","Request.Namespace":"opentlc-mgr-che","Request.Name":"spring-petclinic","devworkspace_id":"workspaceedb7032799474c68"}
{"level":"info","ts":1644271983.3649108,"logger":"controllers.DevWorkspace","msg":"Waiting on routing to be ready","Request.Namespace":"opentlc-mgr-che","Request.Name":"spring-petclinic","devworkspace_id":"workspaceedb7032799474c68"}
{"level":"info","ts":1644271988.3785238,"logger":"controllers.DevWorkspace","msg":"Reconciling Workspace","Request.Namespace":"opentlc-mgr-che","Request.Name":"spring-petclinic","devworkspace_id":"workspaceedb7032799474c68"}
{"level":"info","ts":1644271988.399147,"logger":"controllers.DevWorkspace","msg":"Waiting on routing to be ready","Request.Namespace":"opentlc-mgr-che","Request.Name":"spring-petclinic","devworkspace_id":"workspaceedb7032799474c68"}
{"level":"info","ts":1644271993.4133105,"logger":"controllers.DevWorkspace","msg":"Reconciling Workspace","Request.Namespace":"opentlc-mgr-che","Request.Name":"spring-petclinic","devworkspace_id":"workspaceedb7032799474c68"}
{"level":"info","ts":1644271993.4364073,"logger":"controllers.DevWorkspace","msg":"Waiting on routing to be ready","Request.Namespace":"opentlc-mgr-che","Request.Name":"spring-petclinic","devworkspace_id":"workspaceedb7032799474c68"}
{"level":"info","ts":1644271998.4488986,"logger":"controllers.DevWorkspace","msg":"Reconciling Workspace","Request.Namespace":"opentlc-mgr-che","Request.Name":"spring-petclinic","devworkspace_id":"workspaceedb7032799474c68"}
{"level":"info","ts":1644271998.4696555,"logger":"controllers.DevWorkspace","msg":"Waiting on routing to be ready","Request.Namespace":"opentlc-mgr-che","Request.Name":"spring-petclinic","devworkspace_id":"workspaceedb7032799474c68"}
{"level":"info","ts":1644272003.4823718,"logger":"controllers.DevWorkspace","msg":"Reconciling Workspace","Request.Namespace":"opentlc-mgr-che","Request.Name":"spring-petclinic","devworkspace_id":"workspaceedb7032799474c68"}
{"level":"info","ts":1644272003.503138,"logger":"controllers.DevWorkspace","msg":"Waiting on routing to be ready","Request.Namespace":"opentlc-mgr-che","Request.Name":"spring-petclinic","devworkspace_id":"workspaceedb7032799474c68"}
{"level":"info","ts":1644272008.515369,"logger":"controllers.DevWorkspace","msg":"Reconciling Workspace","Request.Namespace":"opentlc-mgr-che","Request.Name":"spring-petclinic","devworkspace_id":"workspaceedb7032799474c68"}
{"level":"info","ts":1644272008.5365272,"logger":"controllers.DevWorkspace","msg":"Waiting on routing to be ready","Request.Namespace":"opentlc-mgr-che","Request.Name":"spring-petclinic","devworkspace_id":"workspaceedb7032799474c68"}
{"level":"info","ts":1644272013.550407,"logger":"controllers.DevWorkspace","msg":"Reconciling Workspace","Request.Namespace":"opentlc-mgr-che","Request.Name":"spring-petclinic","devworkspace_id":"workspaceedb7032799474c68"}
{"level":"info","ts":1644272013.5704863,"logger":"controllers.DevWorkspace","msg":"Waiting on routing to be ready","Request.Namespace":"opentlc-mgr-che","Request.Name":"spring-petclinic","devworkspace_id":"workspaceedb7032799474c68"}
{"level":"info","ts":1644272018.5827723,"logger":"controllers.DevWorkspace","msg":"Reconciling Workspace","Request.Namespace":"opentlc-mgr-che","Request.Name":"spring-petclinic","devworkspace_id":"workspaceedb7032799474c68"}
{"level":"info","ts":1644272018.6027102,"logger":"controllers.DevWorkspace","msg":"Waiting on routing to be ready","Request.Namespace":"opentlc-mgr-che","Request.Name":"spring-petclinic","devworkspace_id":"workspaceedb7032799474c68"}
{"level":"info","ts":1644272023.6158717,"logger":"controllers.DevWorkspace","msg":"Reconciling Workspace","Request.Namespace":"opentlc-mgr-che","Request.Name":"spring-petclinic","devworkspace_id":"workspaceedb7032799474c68"}
{"level":"info","ts":1644272023.6366668,"logger":"controllers.DevWorkspace","msg":"Waiting on routing to be ready","Request.Namespace":"opentlc-mgr-che","Request.Name":"spring-petclinic","devworkspace_id":"workspaceedb7032799474c68"}
{"level":"info","ts":1644272028.6503656,"logger":"controllers.DevWorkspace","msg":"Reconciling Workspace","Request.Namespace":"opentlc-mgr-che","Request.Name":"spring-petclinic","devworkspace_id":"workspaceedb7032799474c68"}
{"level":"info","ts":1644272028.6722848,"logger":"controllers.DevWorkspace","msg":"Waiting on routing to be ready","Request.Namespace":"opentlc-mgr-che","Request.Name":"spring-petclinic","devworkspace_id":"workspaceedb7032799474c68"}
{"level":"info","ts":1644272033.6860764,"logger":"controllers.DevWorkspace","msg":"Reconciling Workspace","Request.Namespace":"opentlc-mgr-che","Request.Name":"spring-petclinic","devworkspace_id":"workspaceedb7032799474c68"}
{"level":"info","ts":1644272033.7054045,"logger":"controllers.DevWorkspace","msg":"Waiting on routing to be ready","Request.Namespace":"opentlc-mgr-che","Request.Name":"spring-petclinic","devworkspace_id":"workspaceedb7032799474c68"}
{"level":"info","ts":1644272038.7182503,"logger":"controllers.DevWorkspace","msg":"Reconciling Workspace","Request.Namespace":"opentlc-mgr-che","Request.Name":"spring-petclinic","devworkspace_id":"workspaceedb7032799474c68"}
{"level":"info","ts":1644272038.740149,"logger":"controllers.DevWorkspace","msg":"Waiting on routing to be ready","Request.Namespace":"opentlc-mgr-che","Request.Name":"spring-petclinic","devworkspace_id":"workspaceedb7032799474c68"}
{"level":"info","ts":1644272043.7533867,"logger":"controllers.DevWorkspace","msg":"Reconciling Workspace","Request.Namespace":"opentlc-mgr-che","Request.Name":"spring-petclinic","devworkspace_id":"workspaceedb7032799474c68"}
{"level":"info","ts":1644272043.7735786,"logger":"controllers.DevWorkspace","msg":"Waiting on routing to be ready","Request.Namespace":"opentlc-mgr-che","Request.Name":"spring-petclinic","devworkspace_id":"workspaceedb7032799474c68"}
{"level":"info","ts":1644272048.7861469,"logger":"controllers.DevWorkspace","msg":"Reconciling Workspace","Request.Namespace":"opentlc-mgr-che","Request.Name":"spring-petclinic","devworkspace_id":"workspaceedb7032799474c68"}
{"level":"info","ts":1644272048.8083198,"logger":"controllers.DevWorkspace","msg":"Waiting on routing to be ready","Request.Namespace":"opentlc-mgr-che","Request.Name":"spring-petclinic","devworkspace_id":"workspaceedb7032799474c68"}
{"level":"info","ts":1644272048.8083608,"logger":"controllers.DevWorkspace","msg":"DevWorkspace failed to start: devworkspace failed to progress past phase 'Starting' for longer than timeout (5m)","Request.Namespace":"opentlc-mgr-che","Request.Name":"spring-petclinic","devworkspace_id":"workspaceedb7032799474c68"}
{"level":"info","ts":1644272048.8229003,"logger":"controllers.DevWorkspace","msg":"Reconciling Workspace","Request.Namespace":"opentlc-mgr-che","Request.Name":"spring-petclinic","devworkspace_id":"workspaceedb7032799474c68"}
{"level":"info","ts":1644272048.8443587,"logger":"controllers.DevWorkspace","msg":"Reconciling Workspace","Request.Namespace":"opentlc-mgr-che","Request.Name":"spring-petclinic","devworkspace_id":"workspaceedb7032799474c68"}
{"level":"info","ts":1644272048.8627439,"logger":"controllers.DevWorkspace","msg":"Reconciling Workspace","Request.Namespace":"opentlc-mgr-che","Request.Name":"spring-petclinic","devworkspace_id":"workspaceedb7032799474c68"}
{"level":"info","ts":1644272048.8964763,"logger":"controllers.DevWorkspace","msg":"Reconciling Workspace","Request.Namespace":"opentlc-mgr-che","Request.Name":"spring-petclinic","devworkspace_id":"workspaceedb7032799474c68"}
